2019-05-24 12:00:31.383 INFO  (main) [   ] o.e.j.u.log Logging initialized @1838ms to org.eclipse.jetty.util.log.Slf4jLog
2019-05-24 12:00:31.739 WARN  (main) [   ] o.e.j.s.AbstractConnector Ignoring deprecated socket close linger time
2019-05-24 12:00:31.759 INFO  (main) [   ] o.e.j.s.Server jetty-9.4.14.v20181114; built: 2018-11-14T21:20:31.478Z; git: c4550056e785fb5665914545889f21dc136ad9e6; jvm 1.8.0_131-b11
2019-05-24 12:00:31.803 INFO  (main) [   ] o.e.j.d.p.ScanningAppProvider Deployment monitor [file:///C:/Users/mareike/Documents/Studium/8.Semester-SS19/solr-7.7.1-test/server/contexts/] at interval 0
2019-05-24 12:00:32.839 INFO  (main) [   ] o.e.j.w.StandardDescriptorProcessor NO JSP Support for /solr, did not find org.apache.jasper.servlet.JspServlet
2019-05-24 12:00:32.859 INFO  (main) [   ] o.e.j.s.session DefaultSessionIdManager workerName=node0
2019-05-24 12:00:32.859 INFO  (main) [   ] o.e.j.s.session No SessionScavenger set, using defaults
2019-05-24 12:00:32.859 INFO  (main) [   ] o.e.j.s.session node0 Scavenging every 600000ms
2019-05-24 12:00:32.943 INFO  (main) [   ] o.a.s.u.c.SSLCredentialProviderFactory Processing SSL Credential Provider chain: env;sysprop
2019-05-24 12:00:32.979 INFO  (main) [   ] o.a.s.s.SolrDispatchFilter Using logger factory org.apache.logging.slf4j.Log4jLoggerFactory
2019-05-24 12:00:32.979 INFO  (main) [   ] o.a.s.s.SolrDispatchFilter  ___      _       Welcome to Apache Solr™ version 7.7.1
2019-05-24 12:00:32.979 INFO  (main) [   ] o.a.s.s.SolrDispatchFilter / __| ___| |_ _   Starting in standalone mode on port 8983
2019-05-24 12:00:32.979 INFO  (main) [   ] o.a.s.s.SolrDispatchFilter \__ \/ _ \ | '_|  Install dir: C:\Users\mareike\Documents\Studium\8.Semester-SS19\solr-7.7.1-test
2019-05-24 12:00:32.989 INFO  (main) [   ] o.a.s.s.SolrDispatchFilter |___/\___/_|_|    Start time: 2019-05-24T12:00:32.989Z
2019-05-24 12:00:33.019 INFO  (main) [   ] o.a.s.c.SolrResourceLoader Using system property solr.solr.home: C:\Users\mareike\Documents\Studium\8.Semester-SS19\solr-7.7.1-test\server\solr
2019-05-24 12:00:33.033 INFO  (main) [   ] o.a.s.c.SolrXmlConfig Loading container configuration from C:\Users\mareike\Documents\Studium\8.Semester-SS19\solr-7.7.1-test\server\solr\solr.xml
2019-05-24 12:00:33.150 INFO  (main) [   ] o.a.s.c.SolrXmlConfig MBean server found: com.sun.jmx.mbeanserver.JmxMBeanServer@6b1274d2, but no JMX reporters were configured - adding default JMX reporter.
2019-05-24 12:00:33.699 INFO  (main) [   ] o.a.s.h.c.HttpShardHandlerFactory Host whitelist initialized: WhitelistHostChecker [whitelistHosts=null, whitelistHostCheckingEnabled=true]
2019-05-24 12:00:34.378 INFO  (main) [   ] o.a.s.c.TransientSolrCoreCacheDefault Allocating transient cache for 2147483647 transient cores
2019-05-24 12:00:34.383 INFO  (main) [   ] o.a.s.h.a.MetricsHistoryHandler No .system collection, keeping metrics history in memory.
2019-05-24 12:00:34.533 INFO  (main) [   ] o.a.s.m.r.SolrJmxReporter JMX monitoring for 'solr.node' (registry 'solr.node') enabled at server: com.sun.jmx.mbeanserver.JmxMBeanServer@6b1274d2
2019-05-24 12:00:34.533 INFO  (main) [   ] o.a.s.m.r.SolrJmxReporter JMX monitoring for 'solr.jvm' (registry 'solr.jvm') enabled at server: com.sun.jmx.mbeanserver.JmxMBeanServer@6b1274d2
2019-05-24 12:00:34.552 INFO  (main) [   ] o.a.s.m.r.SolrJmxReporter JMX monitoring for 'solr.jetty' (registry 'solr.jetty') enabled at server: com.sun.jmx.mbeanserver.JmxMBeanServer@6b1274d2
2019-05-24 12:00:34.629 INFO  (main) [   ] o.a.s.c.CorePropertiesLocator Found 1 core definitions underneath C:\Users\mareike\Documents\Studium\8.Semester-SS19\solr-7.7.1-test\server\solr
2019-05-24 12:00:34.629 INFO  (main) [   ] o.a.s.c.CorePropertiesLocator Cores are: [test5]
2019-05-24 12:00:34.778 INFO  (coreLoadExecutor-9-thread-1) [   x:test5] o.a.s.c.SolrResourceLoader [test5] Added 58 libs to classloader, from paths: [/C:/Users/mareike/Documents/Studium/8.Semester-SS19/solr-7.7.1-test/contrib/clustering/lib, /C:/Users/mareike/Documents/Studium/8.Semester-SS19/solr-7.7.1-test/contrib/extraction/lib, /C:/Users/mareike/Documents/Studium/8.Semester-SS19/solr-7.7.1-test/contrib/langid/lib, /C:/Users/mareike/Documents/Studium/8.Semester-SS19/solr-7.7.1-test/contrib/velocity/lib, /C:/Users/mareike/Documents/Studium/8.Semester-SS19/solr-7.7.1-test/dist]
2019-05-24 12:00:35.142 INFO  (coreLoadExecutor-9-thread-1) [   x:test5] o.a.s.c.SolrConfig Using Lucene MatchVersion: 7.7.1
2019-05-24 12:00:35.403 INFO  (coreLoadExecutor-9-thread-1) [   x:test5] o.a.s.s.IndexSchema [test5] Schema name=default-config
2019-05-24 12:00:35.864 INFO  (main) [   ] o.e.j.s.h.ContextHandler Started o.e.j.w.WebAppContext@6f45df59{/solr,file:///C:/Users/mareike/Documents/Studium/8.Semester-SS19/solr-7.7.1-test/server/solr-webapp/webapp/,AVAILABLE}{C:\Users\mareike\Documents\Studium\8.Semester-SS19\solr-7.7.1-test\server/solr-webapp/webapp}
2019-05-24 12:00:35.944 INFO  (main) [   ] o.e.j.s.AbstractConnector Started ServerConnector@7a8fa663{HTTP/1.1,[http/1.1]}{0.0.0.0:8983}
2019-05-24 12:00:35.944 INFO  (main) [   ] o.e.j.s.Server Started @6401ms
2019-05-24 12:00:36.439 INFO  (qtp102617125-23) [   ] o.a.s.s.HttpSolrCall [admin] webapp=null path=/admin/cores params={indexInfo=false&wt=json&_=1558698420626} status=0 QTime=97
2019-05-24 12:00:36.704 INFO  (qtp102617125-20) [   ] o.a.s.s.HttpSolrCall [admin] webapp=null path=/admin/info/system params={wt=json&_=1558698420628} status=0 QTime=362
2019-05-24 12:00:37.022 INFO  (coreLoadExecutor-9-thread-1) [   x:test5] o.a.s.s.IndexSchema Loaded schema default-config/1.6 with uniqueid field id
2019-05-24 12:00:37.130 INFO  (coreLoadExecutor-9-thread-1) [   x:test5] o.a.s.c.CoreContainer Creating SolrCore 'test5' using configuration from instancedir C:\Users\mareike\Documents\Studium\8.Semester-SS19\solr-7.7.1-test\server\solr\test5, trusted=true
2019-05-24 12:00:37.153 INFO  (coreLoadExecutor-9-thread-1) [   x:test5] o.a.s.m.r.SolrJmxReporter JMX monitoring for 'solr.core.test5' (registry 'solr.core.test5') enabled at server: com.sun.jmx.mbeanserver.JmxMBeanServer@6b1274d2
2019-05-24 12:00:37.183 INFO  (coreLoadExecutor-9-thread-1) [   x:test5] o.a.s.c.SolrCore [[test5] ] Opening new SolrCore at [C:\Users\mareike\Documents\Studium\8.Semester-SS19\solr-7.7.1-test\server\solr\test5], dataDir=[C:\Users\mareike\Documents\Studium\8.Semester-SS19\solr-7.7.1-test\server\solr\test5\data\]
2019-05-24 12:00:37.294 INFO  (coreLoadExecutor-9-thread-1) [   x:test5] o.a.s.r.XSLTResponseWriter xsltCacheLifetimeSeconds=5
2019-05-24 12:00:38.103 INFO  (coreLoadExecutor-9-thread-1) [   x:test5] o.a.s.u.UpdateHandler Using UpdateLog implementation: org.apache.solr.update.UpdateLog
2019-05-24 12:00:38.107 INFO  (coreLoadExecutor-9-thread-1) [   x:test5] o.a.s.u.UpdateLog Initializing UpdateLog: dataDir= defaultSyncLevel=FLUSH numRecordsToKeep=100 maxNumLogsToKeep=10 numVersionBuckets=65536
2019-05-24 12:00:38.143 INFO  (coreLoadExecutor-9-thread-1) [   x:test5] o.a.s.u.CommitTracker Hard AutoCommit: if uncommitted for 15000ms; 
2019-05-24 12:00:38.143 INFO  (coreLoadExecutor-9-thread-1) [   x:test5] o.a.s.u.CommitTracker Soft AutoCommit: disabled
2019-05-24 12:00:38.383 INFO  (coreLoadExecutor-9-thread-1) [   x:test5] o.a.s.s.SolrIndexSearcher Opening [Searcher@5ffd95c5[test5] main]
2019-05-24 12:00:38.401 INFO  (coreLoadExecutor-9-thread-1) [   x:test5] o.a.s.r.ManagedResourceStorage File-based storage initialized to use dir: C:\Users\mareike\Documents\Studium\8.Semester-SS19\solr-7.7.1-test\server\solr\test5\conf
2019-05-24 12:00:38.427 INFO  (coreLoadExecutor-9-thread-1) [   x:test5] o.a.s.h.c.SpellCheckComponent Initializing spell checkers
2019-05-24 12:00:38.436 INFO  (coreLoadExecutor-9-thread-1) [   x:test5] o.a.s.s.DirectSolrSpellChecker init: {name=default,field=_text_,classname=solr.DirectSolrSpellChecker,distanceMeasure=internal,accuracy=0.5,maxEdits=2,minPrefix=1,maxInspections=5,minQueryLength=4,maxQueryFrequency=0.01}
2019-05-24 12:00:38.459 INFO  (coreLoadExecutor-9-thread-1) [   x:test5] o.a.s.h.ReplicationHandler Commits will be reserved for 10000ms.
2019-05-24 12:00:38.471 INFO  (searcherExecutor-10-thread-1-processing-x:test5) [   x:test5] o.a.s.c.QuerySenderListener QuerySenderListener sending requests to Searcher@5ffd95c5[test5] main{ExitableDirectoryReader(UninvertingDirectoryReader(Uninverting(_0(7.7.1):C1:[diagnostics={java.runtime.version=1.8.0_131-b11, java.vendor=Oracle Corporation, java.version=1.8.0_131, java.vm.version=25.131-b11, lucene.version=7.7.1, os=Windows 10, os.arch=amd64, os.version=10.0, source=flush, timestamp=1558692539349}]:[attributes={Lucene50StoredFieldsFormat.mode=BEST_SPEED}])))}
2019-05-24 12:00:38.471 INFO  (searcherExecutor-10-thread-1-processing-x:test5) [   x:test5] o.a.s.c.QuerySenderListener QuerySenderListener done.
2019-05-24 12:00:38.471 INFO  (searcherExecutor-10-thread-1-processing-x:test5) [   x:test5] o.a.s.h.c.SpellCheckComponent Loading spell index for spellchecker: default
2019-05-24 12:00:38.483 INFO  (searcherExecutor-10-thread-1-processing-x:test5) [   x:test5] o.a.s.c.SolrCore [test5] Registered new searcher Searcher@5ffd95c5[test5] main{ExitableDirectoryReader(UninvertingDirectoryReader(Uninverting(_0(7.7.1):C1:[diagnostics={java.runtime.version=1.8.0_131-b11, java.vendor=Oracle Corporation, java.version=1.8.0_131, java.vm.version=25.131-b11, lucene.version=7.7.1, os=Windows 10, os.arch=amd64, os.version=10.0, source=flush, timestamp=1558692539349}]:[attributes={Lucene50StoredFieldsFormat.mode=BEST_SPEED}])))}
2019-05-24 12:00:39.299 INFO  (qtp102617125-16) [   ] o.a.s.s.HttpSolrCall [admin] webapp=null path=/admin/info/system params={wt=json} status=0 QTime=33
2019-05-24 12:05:25.630 INFO  (qtp102617125-21) [   ] o.a.s.s.HttpSolrCall [admin] webapp=null path=/admin/cores params={indexInfo=false&wt=json&_=1558698420626} status=0 QTime=1
2019-05-24 12:05:25.649 INFO  (qtp102617125-23) [   ] o.a.s.s.HttpSolrCall [admin] webapp=null path=/admin/info/logging params={wt=json&_=1558699525622&since=0} status=0 QTime=1
2019-05-24 12:05:25.686 INFO  (qtp102617125-19) [   ] o.a.s.s.HttpSolrCall [admin] webapp=null path=/admin/info/system params={wt=json&_=1558698420628} status=0 QTime=46
2019-05-24 12:05:27.908 INFO  (qtp102617125-21) [   ] o.a.s.s.HttpSolrCall [admin] webapp=null path=/admin/cores params={indexInfo=false&wt=json&_=1558698420626} status=0 QTime=0
2019-05-24 12:05:27.920 INFO  (qtp102617125-19) [   x:test5] o.a.s.c.S.Request [test5]  webapp=/solr path=/admin/luke params={numTerms=0&show=index&wt=json&_=1558699527897} status=0 QTime=6
2019-05-24 12:05:27.950 INFO  (qtp102617125-21) [   x:test5] o.a.s.c.S.Request [test5]  webapp=/solr path=/replication params={wt=json&command=details&_=1558699527898} status=0 QTime=6
2019-05-24 12:05:27.964 INFO  (qtp102617125-23) [   x:test5] o.a.s.c.S.Request [test5]  webapp=/solr path=/admin/ping params={action=status&wt=json&_=1558698420628&ts=1558698420628} status=503 QTime=1
2019-05-24 12:05:28.024 INFO  (qtp102617125-15) [   ] o.a.s.s.HttpSolrCall [admin] webapp=null path=/admin/info/system params={wt=json&_=1558698420628} status=0 QTime=112
2019-05-24 12:05:28.028 INFO  (qtp102617125-19) [   x:test5] o.a.s.c.S.Request [test5]  webapp=/solr path=/admin/system params={wt=json&_=1558699527897} status=0 QTime=59
2019-05-24 12:06:52.881 INFO  (qtp102617125-23) [   x:test5] o.a.s.c.PluginBag Going to create a new requestHandler with {type = requestHandler,name = /update/extract,class = solr.extraction.ExtractingRequestHandler,attributes = {startup=lazy, name=/update/extract, class=solr.extraction.ExtractingRequestHandler},args = {defaults={lowernames=true,fmap.content=_text_,captureAttr=true,df=_text_}}} 
2019-05-24 12:06:54.762 INFO  (qtp102617125-23) [   x:test5] o.a.p.p.f.PDCIDFontType2 OpenType Layout tables used in font ABCDEE+Calibri are not implemented in PDFBox and will be ignored
2019-05-24 12:06:54.878 INFO  (qtp102617125-23) [   x:test5] o.a.p.p.f.PDCIDFontType2 OpenType Layout tables used in font ABCDEE+Calibri,Italic are not implemented in PDFBox and will be ignored
2019-05-24 12:06:55.455 INFO  (qtp102617125-23) [   x:test5] o.a.s.s.ManagedIndexSchema Upgraded to managed schema at C:\Users\mareike\Documents\Studium\8.Semester-SS19\solr-7.7.1-test\server\solr\test5\conf\managed-schema
2019-05-24 12:06:55.493 INFO  (qtp102617125-23) [   x:test5] o.a.s.u.p.LogUpdateProcessorFactory [test5]  webapp=/solr path=/update/extract params={wt=javabin&version=2}{} 0 2601
2019-05-24 12:06:55.493 ERROR (qtp102617125-23) [   x:test5] o.a.s.h.RequestHandlerBase org.apache.solr.common.SolrException: ERROR: [doc=c332be61-aae7-4fcc-9295-270345bb32c6] Error adding field 'stream_size'='null' msg=For input string: "null"
	at org.apache.solr.update.DocumentBuilder.toDocument(DocumentBuilder.java:220)
	at org.apache.solr.update.AddUpdateCommand.getLuceneDocument(AddUpdateCommand.java:102)
	at org.apache.solr.update.DirectUpdateHandler2.updateDocOrDocValues(DirectUpdateHandler2.java:967)
	at org.apache.solr.update.DirectUpdateHandler2.doNormalUpdate(DirectUpdateHandler2.java:341)
	at org.apache.solr.update.DirectUpdateHandler2.addDoc0(DirectUpdateHandler2.java:288)
	at org.apache.solr.update.DirectUpdateHandler2.addDoc(DirectUpdateHandler2.java:235)
	at org.apache.solr.update.processor.RunUpdateProcessor.processAdd(RunUpdateProcessorFactory.java:67)
	at org.apache.solr.update.processor.UpdateRequestProcessor.processAdd(UpdateRequestProcessor.java:55)
	at org.apache.solr.update.processor.DistributedUpdateProcessor.doLocalAdd(DistributedUpdateProcessor.java:1001)
	at org.apache.solr.update.processor.DistributedUpdateProcessor.versionAdd(DistributedUpdateProcessor.java:1222)
	at org.apache.solr.update.processor.DistributedUpdateProcessor.processAdd(DistributedUpdateProcessor.java:693)
	at org.apache.solr.update.processor.LogUpdateProcessorFactory$LogUpdateProcessor.processAdd(LogUpdateProcessorFactory.java:103)
	at org.apache.solr.update.processor.UpdateRequestProcessor.processAdd(UpdateRequestProcessor.java:55)
	at org.apache.solr.update.processor.AddSchemaFieldsUpdateProcessorFactory$AddSchemaFieldsUpdateProcessor.processAdd(AddSchemaFieldsUpdateProcessorFactory.java:475)
	at org.apache.solr.update.processor.UpdateRequestProcessor.processAdd(UpdateRequestProcessor.java:55)
	at org.apache.solr.update.processor.FieldMutatingUpdateProcessor.processAdd(FieldMutatingUpdateProcessor.java:118)
	at org.apache.solr.update.processor.UpdateRequestProcessor.processAdd(UpdateRequestProcessor.java:55)
	at org.apache.solr.update.processor.FieldMutatingUpdateProcessor.processAdd(FieldMutatingUpdateProcessor.java:118)
	at org.apache.solr.update.processor.UpdateRequestProcessor.processAdd(UpdateRequestProcessor.java:55)
	at org.apache.solr.update.processor.FieldMutatingUpdateProcessor.processAdd(FieldMutatingUpdateProcessor.java:118)
	at org.apache.solr.update.processor.UpdateRequestProcessor.processAdd(UpdateRequestProcessor.java:55)
	at org.apache.solr.update.processor.FieldMutatingUpdateProcessor.processAdd(FieldMutatingUpdateProcessor.java:118)
	at org.apache.solr.update.processor.UpdateRequestProcessor.processAdd(UpdateRequestProcessor.java:55)
	at org.apache.solr.update.processor.FieldNameMutatingUpdateProcessorFactory$1.processAdd(FieldNameMutatingUpdateProcessorFactory.java:75)
	at org.apache.solr.update.processor.UpdateRequestProcessor.processAdd(UpdateRequestProcessor.java:55)
	at org.apache.solr.update.processor.FieldMutatingUpdateProcessor.processAdd(FieldMutatingUpdateProcessor.java:118)
	at org.apache.solr.update.processor.UpdateRequestProcessor.processAdd(UpdateRequestProcessor.java:55)
	at org.apache.solr.update.processor.AbstractDefaultValueUpdateProcessorFactory$DefaultValueUpdateProcessor.processAdd(AbstractDefaultValueUpdateProcessorFactory.java:92)
	at org.apache.solr.handler.extraction.ExtractingDocumentLoader.doAdd(ExtractingDocumentLoader.java:126)
	at org.apache.solr.handler.extraction.ExtractingDocumentLoader.addDoc(ExtractingDocumentLoader.java:131)
	at org.apache.solr.handler.extraction.ExtractingDocumentLoader.load(ExtractingDocumentLoader.java:237)
	at org.apache.solr.handler.ContentStreamHandlerBase.handleRequestBody(ContentStreamHandlerBase.java:68)
	at org.apache.solr.handler.RequestHandlerBase.handleRequest(RequestHandlerBase.java:199)
	at org.apache.solr.core.SolrCore.execute(SolrCore.java:2551)
	at org.apache.solr.servlet.HttpSolrCall.execute(HttpSolrCall.java:710)
	at org.apache.solr.servlet.HttpSolrCall.call(HttpSolrCall.java:516)
	at org.apache.solr.servlet.SolrDispatchFilter.doFilter(SolrDispatchFilter.java:395)
	at org.apache.solr.servlet.SolrDispatchFilter.doFilter(SolrDispatchFilter.java:341)
	at org.eclipse.jetty.servlet.ServletHandler$CachedChain.doFilter(ServletHandler.java:1602)
	at org.eclipse.jetty.servlet.ServletHandler.doHandle(ServletHandler.java:540)
	at org.eclipse.jetty.server.handler.ScopedHandler.handle(ScopedHandler.java:146)
	at org.eclipse.jetty.security.SecurityHandler.handle(SecurityHandler.java:548)
	at org.eclipse.jetty.server.handler.HandlerWrapper.handle(HandlerWrapper.java:132)
	at org.eclipse.jetty.server.handler.ScopedHandler.nextHandle(ScopedHandler.java:257)
	at org.eclipse.jetty.server.session.SessionHandler.doHandle(SessionHandler.java:1588)
	at org.eclipse.jetty.server.handler.ScopedHandler.nextHandle(ScopedHandler.java:255)
	at org.eclipse.jetty.server.handler.ContextHandler.doHandle(ContextHandler.java:1345)
	at org.eclipse.jetty.server.handler.ScopedHandler.nextScope(ScopedHandler.java:203)
	at org.eclipse.jetty.servlet.ServletHandler.doScope(ServletHandler.java:480)
	at org.eclipse.jetty.server.session.SessionHandler.doScope(SessionHandler.java:1557)
	at org.eclipse.jetty.server.handler.ScopedHandler.nextScope(ScopedHandler.java:201)
	at org.eclipse.jetty.server.handler.ContextHandler.doScope(ContextHandler.java:1247)
	at org.eclipse.jetty.server.handler.ScopedHandler.handle(ScopedHandler.java:144)
	at org.eclipse.jetty.server.handler.ContextHandlerCollection.handle(ContextHandlerCollection.java:220)
	at org.eclipse.jetty.server.handler.HandlerCollection.handle(HandlerCollection.java:126)
	at org.eclipse.jetty.server.handler.HandlerWrapper.handle(HandlerWrapper.java:132)
	at org.eclipse.jetty.rewrite.handler.RewriteHandler.handle(RewriteHandler.java:335)
	at org.eclipse.jetty.server.handler.HandlerWrapper.handle(HandlerWrapper.java:132)
	at org.eclipse.jetty.server.Server.handle(Server.java:502)
	at org.eclipse.jetty.server.HttpChannel.handle(HttpChannel.java:364)
	at org.eclipse.jetty.server.HttpConnection.onFillable(HttpConnection.java:260)
	at org.eclipse.jetty.io.AbstractConnection$ReadCallback.succeeded(AbstractConnection.java:305)
	at org.eclipse.jetty.io.FillInterest.fillable(FillInterest.java:103)
	at org.eclipse.jetty.io.ChannelEndPoint$2.run(ChannelEndPoint.java:118)
	at org.eclipse.jetty.util.thread.strategy.EatWhatYouKill.runTask(EatWhatYouKill.java:333)
	at org.eclipse.jetty.util.thread.strategy.EatWhatYouKill.doProduce(EatWhatYouKill.java:310)
	at org.eclipse.jetty.util.thread.strategy.EatWhatYouKill.tryProduce(EatWhatYouKill.java:168)
	at org.eclipse.jetty.util.thread.strategy.EatWhatYouKill.run(EatWhatYouKill.java:126)
	at org.eclipse.jetty.util.thread.ReservedThreadExecutor$ReservedThread.run(ReservedThreadExecutor.java:366)
	at org.eclipse.jetty.util.thread.QueuedThreadPool.runJob(QueuedThreadPool.java:765)
	at org.eclipse.jetty.util.thread.QueuedThreadPool$2.run(QueuedThreadPool.java:683)
	at java.lang.Thread.run(Thread.java:748)
Caused by: java.lang.NumberFormatException: For input string: "null"
	at java.lang.NumberFormatException.forInputString(NumberFormatException.java:65)
	at java.lang.Long.parseLong(Long.java:589)
	at java.lang.Long.parseLong(Long.java:631)
	at org.apache.solr.schema.LongPointField.createField(LongPointField.java:154)
	at org.apache.solr.schema.PointField.createFields(PointField.java:250)
	at org.apache.solr.update.DocumentBuilder.addField(DocumentBuilder.java:65)
	at org.apache.solr.update.DocumentBuilder.toDocument(DocumentBuilder.java:171)
	... 71 more

2019-05-24 12:06:55.524 INFO  (qtp102617125-17) [   x:test5] o.a.s.u.DirectUpdateHandler2 start commit{_version_=1634415008047693824,optimize=false,openSearcher=true,waitSearcher=true,expungeDeletes=false,softCommit=false,prepareCommit=false}
2019-05-24 12:06:55.524 INFO  (qtp102617125-17) [   x:test5] o.a.s.u.DirectUpdateHandler2 No uncommitted changes. Skipping IW.commit.
2019-05-24 12:06:55.524 INFO  (qtp102617125-17) [   x:test5] o.a.s.s.SolrIndexSearcher Opening [Searcher@6ef29c0c[test5] main]
2019-05-24 12:06:55.524 INFO  (qtp102617125-17) [   x:test5] o.a.s.u.DirectUpdateHandler2 end_commit_flush
2019-05-24 12:06:55.524 INFO  (searcherExecutor-10-thread-1-processing-x:test5) [   x:test5] o.a.s.c.QuerySenderListener QuerySenderListener sending requests to Searcher@6ef29c0c[test5] main{ExitableDirectoryReader(UninvertingDirectoryReader(Uninverting(_0(7.7.1):C1:[diagnostics={java.runtime.version=1.8.0_131-b11, java.vendor=Oracle Corporation, java.version=1.8.0_131, java.vm.version=25.131-b11, lucene.version=7.7.1, os=Windows 10, os.arch=amd64, os.version=10.0, source=flush, timestamp=1558692539349}]:[attributes={Lucene50StoredFieldsFormat.mode=BEST_SPEED}])))}
2019-05-24 12:06:55.524 INFO  (searcherExecutor-10-thread-1-processing-x:test5) [   x:test5] o.a.s.c.QuerySenderListener QuerySenderListener done.
2019-05-24 12:06:55.524 INFO  (searcherExecutor-10-thread-1-processing-x:test5) [   x:test5] o.a.s.c.SolrCore [test5] Registered new searcher Searcher@6ef29c0c[test5] main{ExitableDirectoryReader(UninvertingDirectoryReader(Uninverting(_0(7.7.1):C1:[diagnostics={java.runtime.version=1.8.0_131-b11, java.vendor=Oracle Corporation, java.version=1.8.0_131, java.vm.version=25.131-b11, lucene.version=7.7.1, os=Windows 10, os.arch=amd64, os.version=10.0, source=flush, timestamp=1558692539349}]:[attributes={Lucene50StoredFieldsFormat.mode=BEST_SPEED}])))}
2019-05-24 12:06:55.524 INFO  (qtp102617125-17) [   x:test5] o.a.s.u.p.LogUpdateProcessorFactory [test5]  webapp=/solr path=/update params={waitSearcher=true&commit=true&softCommit=false&wt=javabin&version=2}{commit=} 0 11
2019-05-24 12:06:58.585 INFO  (qtp102617125-21) [   x:test5] o.a.p.p.f.PDCIDFontType2 OpenType Layout tables used in font ABCDEE+Calibri are not implemented in PDFBox and will be ignored
2019-05-24 12:06:58.615 INFO  (qtp102617125-21) [   x:test5] o.a.p.p.f.PDCIDFontType2 OpenType Layout tables used in font ABCDEE+Calibri,Italic are not implemented in PDFBox and will be ignored
2019-05-24 12:06:58.665 INFO  (qtp102617125-21) [   x:test5] o.a.s.u.p.LogUpdateProcessorFactory [test5]  webapp=/solr path=/update/extract params={wt=javabin&version=2}{} 0 248
2019-05-24 12:06:58.665 ERROR (qtp102617125-21) [   x:test5] o.a.s.h.RequestHandlerBase org.apache.solr.common.SolrException: ERROR: [doc=1a4fa0c1-08e4-4a69-94a2-d31f821cfd3a] Error adding field 'stream_size'='null' msg=For input string: "null"
	at org.apache.solr.update.DocumentBuilder.toDocument(DocumentBuilder.java:220)
	at org.apache.solr.update.AddUpdateCommand.getLuceneDocument(AddUpdateCommand.java:102)
	at org.apache.solr.update.DirectUpdateHandler2.updateDocOrDocValues(DirectUpdateHandler2.java:967)
	at org.apache.solr.update.DirectUpdateHandler2.doNormalUpdate(DirectUpdateHandler2.java:341)
	at org.apache.solr.update.DirectUpdateHandler2.addDoc0(DirectUpdateHandler2.java:288)
	at org.apache.solr.update.DirectUpdateHandler2.addDoc(DirectUpdateHandler2.java:235)
	at org.apache.solr.update.processor.RunUpdateProcessor.processAdd(RunUpdateProcessorFactory.java:67)
	at org.apache.solr.update.processor.UpdateRequestProcessor.processAdd(UpdateRequestProcessor.java:55)
	at org.apache.solr.update.processor.DistributedUpdateProcessor.doLocalAdd(DistributedUpdateProcessor.java:1001)
	at org.apache.solr.update.processor.DistributedUpdateProcessor.versionAdd(DistributedUpdateProcessor.java:1222)
	at org.apache.solr.update.processor.DistributedUpdateProcessor.processAdd(DistributedUpdateProcessor.java:693)
	at org.apache.solr.update.processor.LogUpdateProcessorFactory$LogUpdateProcessor.processAdd(LogUpdateProcessorFactory.java:103)
	at org.apache.solr.update.processor.UpdateRequestProcessor.processAdd(UpdateRequestProcessor.java:55)
	at org.apache.solr.update.processor.AddSchemaFieldsUpdateProcessorFactory$AddSchemaFieldsUpdateProcessor.processAdd(AddSchemaFieldsUpdateProcessorFactory.java:475)
	at org.apache.solr.update.processor.UpdateRequestProcessor.processAdd(UpdateRequestProcessor.java:55)
	at org.apache.solr.update.processor.FieldMutatingUpdateProcessor.processAdd(FieldMutatingUpdateProcessor.java:118)
	at org.apache.solr.update.processor.UpdateRequestProcessor.processAdd(UpdateRequestProcessor.java:55)
	at org.apache.solr.update.processor.FieldMutatingUpdateProcessor.processAdd(FieldMutatingUpdateProcessor.java:118)
	at org.apache.solr.update.processor.UpdateRequestProcessor.processAdd(UpdateRequestProcessor.java:55)
	at org.apache.solr.update.processor.FieldMutatingUpdateProcessor.processAdd(FieldMutatingUpdateProcessor.java:118)
	at org.apache.solr.update.processor.UpdateRequestProcessor.processAdd(UpdateRequestProcessor.java:55)
	at org.apache.solr.update.processor.FieldMutatingUpdateProcessor.processAdd(FieldMutatingUpdateProcessor.java:118)
	at org.apache.solr.update.processor.UpdateRequestProcessor.processAdd(UpdateRequestProcessor.java:55)
	at org.apache.solr.update.processor.FieldNameMutatingUpdateProcessorFactory$1.processAdd(FieldNameMutatingUpdateProcessorFactory.java:75)
	at org.apache.solr.update.processor.UpdateRequestProcessor.processAdd(UpdateRequestProcessor.java:55)
	at org.apache.solr.update.processor.FieldMutatingUpdateProcessor.processAdd(FieldMutatingUpdateProcessor.java:118)
	at org.apache.solr.update.processor.UpdateRequestProcessor.processAdd(UpdateRequestProcessor.java:55)
	at org.apache.solr.update.processor.AbstractDefaultValueUpdateProcessorFactory$DefaultValueUpdateProcessor.processAdd(AbstractDefaultValueUpdateProcessorFactory.java:92)
	at org.apache.solr.handler.extraction.ExtractingDocumentLoader.doAdd(ExtractingDocumentLoader.java:126)
	at org.apache.solr.handler.extraction.ExtractingDocumentLoader.addDoc(ExtractingDocumentLoader.java:131)
	at org.apache.solr.handler.extraction.ExtractingDocumentLoader.load(ExtractingDocumentLoader.java:237)
	at org.apache.solr.handler.ContentStreamHandlerBase.handleRequestBody(ContentStreamHandlerBase.java:68)
	at org.apache.solr.handler.RequestHandlerBase.handleRequest(RequestHandlerBase.java:199)
	at org.apache.solr.core.SolrCore.execute(SolrCore.java:2551)
	at org.apache.solr.servlet.HttpSolrCall.execute(HttpSolrCall.java:710)
	at org.apache.solr.servlet.HttpSolrCall.call(HttpSolrCall.java:516)
	at org.apache.solr.servlet.SolrDispatchFilter.doFilter(SolrDispatchFilter.java:395)
	at org.apache.solr.servlet.SolrDispatchFilter.doFilter(SolrDispatchFilter.java:341)
	at org.eclipse.jetty.servlet.ServletHandler$CachedChain.doFilter(ServletHandler.java:1602)
	at org.eclipse.jetty.servlet.ServletHandler.doHandle(ServletHandler.java:540)
	at org.eclipse.jetty.server.handler.ScopedHandler.handle(ScopedHandler.java:146)
	at org.eclipse.jetty.security.SecurityHandler.handle(SecurityHandler.java:548)
	at org.eclipse.jetty.server.handler.HandlerWrapper.handle(HandlerWrapper.java:132)
	at org.eclipse.jetty.server.handler.ScopedHandler.nextHandle(ScopedHandler.java:257)
	at org.eclipse.jetty.server.session.SessionHandler.doHandle(SessionHandler.java:1588)
	at org.eclipse.jetty.server.handler.ScopedHandler.nextHandle(ScopedHandler.java:255)
	at org.eclipse.jetty.server.handler.ContextHandler.doHandle(ContextHandler.java:1345)
	at org.eclipse.jetty.server.handler.ScopedHandler.nextScope(ScopedHandler.java:203)
	at org.eclipse.jetty.servlet.ServletHandler.doScope(ServletHandler.java:480)
	at org.eclipse.jetty.server.session.SessionHandler.doScope(SessionHandler.java:1557)
	at org.eclipse.jetty.server.handler.ScopedHandler.nextScope(ScopedHandler.java:201)
	at org.eclipse.jetty.server.handler.ContextHandler.doScope(ContextHandler.java:1247)
	at org.eclipse.jetty.server.handler.ScopedHandler.handle(ScopedHandler.java:144)
	at org.eclipse.jetty.server.handler.ContextHandlerCollection.handle(ContextHandlerCollection.java:220)
	at org.eclipse.jetty.server.handler.HandlerCollection.handle(HandlerCollection.java:126)
	at org.eclipse.jetty.server.handler.HandlerWrapper.handle(HandlerWrapper.java:132)
	at org.eclipse.jetty.rewrite.handler.RewriteHandler.handle(RewriteHandler.java:335)
	at org.eclipse.jetty.server.handler.HandlerWrapper.handle(HandlerWrapper.java:132)
	at org.eclipse.jetty.server.Server.handle(Server.java:502)
	at org.eclipse.jetty.server.HttpChannel.handle(HttpChannel.java:364)
	at org.eclipse.jetty.server.HttpConnection.onFillable(HttpConnection.java:260)
	at org.eclipse.jetty.io.AbstractConnection$ReadCallback.succeeded(AbstractConnection.java:305)
	at org.eclipse.jetty.io.FillInterest.fillable(FillInterest.java:103)
	at org.eclipse.jetty.io.ChannelEndPoint$2.run(ChannelEndPoint.java:118)
	at org.eclipse.jetty.util.thread.strategy.EatWhatYouKill.runTask(EatWhatYouKill.java:333)
	at org.eclipse.jetty.util.thread.strategy.EatWhatYouKill.doProduce(EatWhatYouKill.java:310)
	at org.eclipse.jetty.util.thread.strategy.EatWhatYouKill.tryProduce(EatWhatYouKill.java:168)
	at org.eclipse.jetty.util.thread.strategy.EatWhatYouKill.run(EatWhatYouKill.java:126)
	at org.eclipse.jetty.util.thread.ReservedThreadExecutor$ReservedThread.run(ReservedThreadExecutor.java:366)
	at org.eclipse.jetty.util.thread.QueuedThreadPool.runJob(QueuedThreadPool.java:765)
	at org.eclipse.jetty.util.thread.QueuedThreadPool$2.run(QueuedThreadPool.java:683)
	at java.lang.Thread.run(Thread.java:748)
Caused by: java.lang.NumberFormatException: For input string: "null"
	at java.lang.NumberFormatException.forInputString(NumberFormatException.java:65)
	at java.lang.Long.parseLong(Long.java:589)
	at java.lang.Long.parseLong(Long.java:631)
	at org.apache.solr.schema.LongPointField.createField(LongPointField.java:154)
	at org.apache.solr.schema.PointField.createFields(PointField.java:250)
	at org.apache.solr.update.DocumentBuilder.addField(DocumentBuilder.java:65)
	at org.apache.solr.update.DocumentBuilder.toDocument(DocumentBuilder.java:171)
	... 71 more

2019-05-24 12:06:58.756 INFO  (qtp102617125-23) [   x:test5] o.a.s.u.DirectUpdateHandler2 start commit{_version_=1634415011436691456,optimize=false,openSearcher=true,waitSearcher=true,expungeDeletes=false,softCommit=false,prepareCommit=false}
2019-05-24 12:06:58.756 INFO  (qtp102617125-23) [   x:test5] o.a.s.u.DirectUpdateHandler2 No uncommitted changes. Skipping IW.commit.
2019-05-24 12:06:58.756 INFO  (qtp102617125-23) [   x:test5] o.a.s.u.DirectUpdateHandler2 end_commit_flush
2019-05-24 12:06:58.756 INFO  (qtp102617125-23) [   x:test5] o.a.s.u.p.LogUpdateProcessorFactory [test5]  webapp=/solr path=/update params={waitSearcher=true&commit=true&softCommit=false&wt=javabin&version=2}{commit=} 0 2
2019-05-24 12:12:21.582 INFO  (qtp102617125-22) [   ] o.a.s.s.HttpSolrCall [admin] webapp=null path=/admin/info/system params={wt=json} status=0 QTime=42
2019-05-24 12:12:21.652 INFO  (qtp102617125-21) [   ] o.a.s.s.HttpSolrCall [admin] webapp=null path=/admin/info/system params={wt=json} status=0 QTime=37
2019-05-24 12:12:21.662 INFO  (qtp102617125-17) [   x:test6] o.a.s.s.HttpSolrCall [admin] webapp=null path=/admin/cores params={core=test6&action=STATUS&wt=json} status=0 QTime=0
2019-05-24 12:12:21.861 INFO  (qtp102617125-23) [   x:test6] o.a.s.h.a.CoreAdminOperation core create command name=test6&action=CREATE&instanceDir=test6&wt=json
2019-05-24 12:12:21.899 INFO  (qtp102617125-23) [   x:test6] o.a.s.c.SolrResourceLoader [test6] Added 58 libs to classloader, from paths: [/C:/Users/mareike/Documents/Studium/8.Semester-SS19/solr-7.7.1-test/contrib/clustering/lib, /C:/Users/mareike/Documents/Studium/8.Semester-SS19/solr-7.7.1-test/contrib/extraction/lib, /C:/Users/mareike/Documents/Studium/8.Semester-SS19/solr-7.7.1-test/contrib/langid/lib, /C:/Users/mareike/Documents/Studium/8.Semester-SS19/solr-7.7.1-test/contrib/velocity/lib, /C:/Users/mareike/Documents/Studium/8.Semester-SS19/solr-7.7.1-test/dist]
2019-05-24 12:12:21.961 INFO  (qtp102617125-23) [   x:test6] o.a.s.c.SolrConfig Using Lucene MatchVersion: 7.7.1
2019-05-24 12:12:22.030 INFO  (qtp102617125-23) [   x:test6] o.a.s.s.IndexSchema [test6] Schema name=default-config
2019-05-24 12:12:22.315 INFO  (qtp102617125-23) [   x:test6] o.a.s.s.IndexSchema Loaded schema default-config/1.6 with uniqueid field id
2019-05-24 12:12:22.384 INFO  (qtp102617125-23) [   x:test6] o.a.s.c.CoreContainer Creating SolrCore 'test6' using configuration from instancedir C:\Users\mareike\Documents\Studium\8.Semester-SS19\solr-7.7.1-test\server\solr\test6, trusted=true
2019-05-24 12:12:22.384 INFO  (qtp102617125-23) [   x:test6] o.a.s.m.r.SolrJmxReporter JMX monitoring for 'solr.core.test6' (registry 'solr.core.test6') enabled at server: com.sun.jmx.mbeanserver.JmxMBeanServer@6b1274d2
2019-05-24 12:12:22.384 INFO  (qtp102617125-23) [   x:test6] o.a.s.c.SolrCore [[test6] ] Opening new SolrCore at [C:\Users\mareike\Documents\Studium\8.Semester-SS19\solr-7.7.1-test\server\solr\test6], dataDir=[C:\Users\mareike\Documents\Studium\8.Semester-SS19\solr-7.7.1-test\server\solr\test6\data\]
2019-05-24 12:12:22.415 INFO  (qtp102617125-23) [   x:test6] o.a.s.r.XSLTResponseWriter xsltCacheLifetimeSeconds=5
2019-05-24 12:12:22.484 INFO  (qtp102617125-23) [   x:test6] o.a.s.u.UpdateHandler Using UpdateLog implementation: org.apache.solr.update.UpdateLog
2019-05-24 12:12:22.484 INFO  (qtp102617125-23) [   x:test6] o.a.s.u.UpdateLog Initializing UpdateLog: dataDir= defaultSyncLevel=FLUSH numRecordsToKeep=100 maxNumLogsToKeep=10 numVersionBuckets=65536
2019-05-24 12:12:22.500 INFO  (qtp102617125-23) [   x:test6] o.a.s.u.CommitTracker Hard AutoCommit: if uncommitted for 15000ms; 
2019-05-24 12:12:22.500 INFO  (qtp102617125-23) [   x:test6] o.a.s.u.CommitTracker Soft AutoCommit: disabled
2019-05-24 12:12:22.500 INFO  (qtp102617125-23) [   x:test6] o.a.s.s.SolrIndexSearcher Opening [Searcher@38157c91[test6] main]
2019-05-24 12:12:22.500 INFO  (qtp102617125-23) [   x:test6] o.a.s.r.ManagedResourceStorage File-based storage initialized to use dir: C:\Users\mareike\Documents\Studium\8.Semester-SS19\solr-7.7.1-test\server\solr\test6\conf
2019-05-24 12:12:22.500 INFO  (qtp102617125-23) [   x:test6] o.a.s.h.c.SpellCheckComponent Initializing spell checkers
2019-05-24 12:12:22.500 INFO  (qtp102617125-23) [   x:test6] o.a.s.s.DirectSolrSpellChecker init: {name=default,field=_text_,classname=solr.DirectSolrSpellChecker,distanceMeasure=internal,accuracy=0.5,maxEdits=2,minPrefix=1,maxInspections=5,minQueryLength=4,maxQueryFrequency=0.01}
2019-05-24 12:12:22.500 INFO  (qtp102617125-23) [   x:test6] o.a.s.h.ReplicationHandler Commits will be reserved for 10000ms.
2019-05-24 12:12:22.500 INFO  (qtp102617125-23) [   x:test6] o.a.s.u.UpdateLog Could not find max version in index or recent updates, using new clock 1634415350906880000
2019-05-24 12:12:22.516 INFO  (searcherExecutor-15-thread-1-processing-x:test6) [   x:test6] o.a.s.c.QuerySenderListener QuerySenderListener sending requests to Searcher@38157c91[test6] main{ExitableDirectoryReader(UninvertingDirectoryReader())}
2019-05-24 12:12:22.516 INFO  (searcherExecutor-15-thread-1-processing-x:test6) [   x:test6] o.a.s.c.QuerySenderListener QuerySenderListener done.
2019-05-24 12:12:22.516 INFO  (searcherExecutor-15-thread-1-processing-x:test6) [   x:test6] o.a.s.h.c.SpellCheckComponent Loading spell index for spellchecker: default
2019-05-24 12:12:22.516 INFO  (searcherExecutor-15-thread-1-processing-x:test6) [   x:test6] o.a.s.c.SolrCore [test6] Registered new searcher Searcher@38157c91[test6] main{ExitableDirectoryReader(UninvertingDirectoryReader())}
2019-05-24 12:12:22.516 INFO  (qtp102617125-23) [   x:test6] o.a.s.s.HttpSolrCall [admin] webapp=null path=/admin/cores params={name=test6&action=CREATE&instanceDir=test6&wt=json} status=0 QTime=664
2019-05-24 12:12:27.648 INFO  (qtp102617125-23) [   ] o.a.s.s.HttpSolrCall [admin] webapp=null path=/admin/cores params={indexInfo=false&wt=json&_=1558698420626} status=0 QTime=0
2019-05-24 12:12:27.672 INFO  (qtp102617125-21) [   x:test5] o.a.s.c.S.Request [test5]  webapp=/solr path=/admin/luke params={show=schema&wt=json&_=1558699527897} status=0 QTime=8
2019-05-24 12:12:27.719 INFO  (qtp102617125-17) [   ] o.a.s.s.HttpSolrCall [admin] webapp=null path=/admin/info/system params={wt=json&_=1558698420628} status=0 QTime=61
2019-05-24 12:12:29.036 INFO  (qtp102617125-17) [   ] o.a.s.s.HttpSolrCall [admin] webapp=null path=/admin/cores params={indexInfo=false&wt=json&_=1558698420626} status=0 QTime=0
2019-05-24 12:12:29.046 INFO  (qtp102617125-21) [   ] o.a.s.s.HttpSolrCall [admin] webapp=null path=/admin/cores params={wt=json&_=1558698420626} status=0 QTime=6
2019-05-24 12:12:29.087 INFO  (qtp102617125-20) [   ] o.a.s.s.HttpSolrCall [admin] webapp=null path=/admin/info/system params={wt=json&_=1558698420628} status=0 QTime=49
2019-05-24 12:12:29.103 INFO  (qtp102617125-17) [   ] o.a.s.s.HttpSolrCall [admin] webapp=null path=/admin/cores params={indexInfo=false&wt=json&_=1558698420626} status=0 QTime=0
2019-05-24 12:12:29.110 INFO  (qtp102617125-23) [   ] o.a.s.s.HttpSolrCall [admin] webapp=null path=/admin/cores params={wt=json&_=1558698420626} status=0 QTime=3
2019-05-24 12:12:29.150 INFO  (qtp102617125-20) [   ] o.a.s.s.HttpSolrCall [admin] webapp=null path=/admin/info/system params={wt=json&_=1558698420628} status=0 QTime=45
2019-05-24 12:12:32.343 INFO  (qtp102617125-17) [   x:test5] o.a.s.m.SolrMetricManager Closing metric reporters for registry=solr.core.test5, tag=null
2019-05-24 12:12:32.344 INFO  (qtp102617125-17) [   x:test5] o.a.s.m.r.SolrJmxReporter Closing reporter [org.apache.solr.metrics.reporters.SolrJmxReporter@5385abe5: rootName = null, domain = solr.core.test5, service url = null, agent id = null] for registry solr.core.test5 / com.codahale.metrics.MetricRegistry@6cffeda2
2019-05-24 12:12:32.359 INFO  (qtp102617125-17) [   x:test5] o.a.s.c.SolrCore [test5]  CLOSING SolrCore org.apache.solr.core.SolrCore@2775e75b
2019-05-24 12:12:32.359 INFO  (qtp102617125-17) [   x:test5] o.a.s.m.SolrMetricManager Closing metric reporters for registry=solr.core.test5, tag=2775e75b
2019-05-24 12:12:32.380 INFO  (qtp102617125-17) [   x:test5] o.a.s.s.HttpSolrCall [admin] webapp=null path=/admin/cores params={core=test5&action=UNLOAD&wt=json&_=1558698420626} status=0 QTime=39
2019-05-24 12:12:32.411 INFO  (qtp102617125-20) [   ] o.a.s.s.HttpSolrCall [admin] webapp=null path=/admin/cores params={indexInfo=false&wt=json&_=1558698420626} status=0 QTime=0
2019-05-24 12:12:32.417 INFO  (qtp102617125-17) [   ] o.a.s.s.HttpSolrCall [admin] webapp=null path=/admin/cores params={wt=json&_=1558698420626} status=0 QTime=1
2019-05-24 12:12:32.465 INFO  (qtp102617125-23) [   ] o.a.s.s.HttpSolrCall [admin] webapp=null path=/admin/info/system params={wt=json&_=1558698420628} status=0 QTime=50
2019-05-24 12:12:32.482 INFO  (qtp102617125-20) [   ] o.a.s.s.HttpSolrCall [admin] webapp=null path=/admin/cores params={indexInfo=false&wt=json&_=1558698420626} status=0 QTime=0
2019-05-24 12:12:32.488 INFO  (qtp102617125-20) [   ] o.a.s.s.HttpSolrCall [admin] webapp=null path=/admin/cores params={wt=json&_=1558698420626} status=0 QTime=1
2019-05-24 12:12:32.530 INFO  (qtp102617125-21) [   ] o.a.s.s.HttpSolrCall [admin] webapp=null path=/admin/info/system params={wt=json&_=1558698420628} status=0 QTime=44
2019-05-24 12:12:34.715 INFO  (qtp102617125-20) [   x:test6] o.a.s.m.SolrMetricManager Closing metric reporters for registry=solr.core.test6, tag=null
2019-05-24 12:12:34.716 INFO  (qtp102617125-20) [   x:test6] o.a.s.m.r.SolrJmxReporter Closing reporter [org.apache.solr.metrics.reporters.SolrJmxReporter@71600ee1: rootName = null, domain = solr.core.test6, service url = null, agent id = null] for registry solr.core.test6 / com.codahale.metrics.MetricRegistry@60c8a283
2019-05-24 12:12:34.732 INFO  (qtp102617125-20) [   x:test6] o.a.s.c.SolrCore [test6]  CLOSING SolrCore org.apache.solr.core.SolrCore@4b9cf3f6
2019-05-24 12:12:34.732 INFO  (qtp102617125-20) [   x:test6] o.a.s.m.SolrMetricManager Closing metric reporters for registry=solr.core.test6, tag=4b9cf3f6
2019-05-24 12:12:34.738 INFO  (qtp102617125-20) [   x:test6] o.a.s.s.HttpSolrCall [admin] webapp=null path=/admin/cores params={core=test6&action=UNLOAD&wt=json&_=1558698420626} status=0 QTime=23
2019-05-24 12:12:34.774 INFO  (qtp102617125-21) [   ] o.a.s.s.HttpSolrCall [admin] webapp=null path=/admin/cores params={indexInfo=false&wt=json&_=1558698420626} status=0 QTime=0
2019-05-24 12:12:34.784 INFO  (qtp102617125-23) [   ] o.a.s.s.HttpSolrCall [admin] webapp=null path=/admin/cores params={wt=json&_=1558698420626} status=0 QTime=0
2019-05-24 12:12:34.820 INFO  (qtp102617125-20) [   ] o.a.s.s.HttpSolrCall [admin] webapp=null path=/admin/info/system params={wt=json&_=1558698420628} status=0 QTime=44
2019-05-24 12:12:51.737 INFO  (qtp102617125-17) [   ] o.a.s.s.HttpSolrCall [admin] webapp=null path=/admin/info/system params={wt=json} status=0 QTime=32
2019-05-24 12:12:51.784 INFO  (qtp102617125-21) [   ] o.a.s.s.HttpSolrCall [admin] webapp=null path=/admin/info/system params={wt=json} status=0 QTime=39
2019-05-24 12:12:51.800 INFO  (qtp102617125-20) [   x:test7] o.a.s.s.HttpSolrCall [admin] webapp=null path=/admin/cores params={core=test7&action=STATUS&wt=json} status=0 QTime=0
2019-05-24 12:12:51.915 INFO  (qtp102617125-17) [   x:test7] o.a.s.h.a.CoreAdminOperation core create command name=test7&action=CREATE&instanceDir=test7&wt=json
2019-05-24 12:12:51.938 INFO  (qtp102617125-17) [   x:test7] o.a.s.c.SolrResourceLoader [test7] Added 58 libs to classloader, from paths: [/C:/Users/mareike/Documents/Studium/8.Semester-SS19/solr-7.7.1-test/contrib/clustering/lib, /C:/Users/mareike/Documents/Studium/8.Semester-SS19/solr-7.7.1-test/contrib/extraction/lib, /C:/Users/mareike/Documents/Studium/8.Semester-SS19/solr-7.7.1-test/contrib/langid/lib, /C:/Users/mareike/Documents/Studium/8.Semester-SS19/solr-7.7.1-test/contrib/velocity/lib, /C:/Users/mareike/Documents/Studium/8.Semester-SS19/solr-7.7.1-test/dist]
2019-05-24 12:12:51.969 INFO  (qtp102617125-17) [   x:test7] o.a.s.c.SolrConfig Using Lucene MatchVersion: 7.7.1
2019-05-24 12:12:52.031 INFO  (qtp102617125-17) [   x:test7] o.a.s.s.IndexSchema [test7] Schema name=default-config
2019-05-24 12:12:52.238 INFO  (qtp102617125-17) [   x:test7] o.a.s.s.IndexSchema Loaded schema default-config/1.6 with uniqueid field id
2019-05-24 12:12:52.285 INFO  (qtp102617125-17) [   x:test7] o.a.s.c.CoreContainer Creating SolrCore 'test7' using configuration from instancedir C:\Users\mareike\Documents\Studium\8.Semester-SS19\solr-7.7.1-test\server\solr\test7, trusted=true
2019-05-24 12:12:52.285 INFO  (qtp102617125-17) [   x:test7] o.a.s.m.r.SolrJmxReporter JMX monitoring for 'solr.core.test7' (registry 'solr.core.test7') enabled at server: com.sun.jmx.mbeanserver.JmxMBeanServer@6b1274d2
2019-05-24 12:12:52.285 INFO  (qtp102617125-17) [   x:test7] o.a.s.c.SolrCore [[test7] ] Opening new SolrCore at [C:\Users\mareike\Documents\Studium\8.Semester-SS19\solr-7.7.1-test\server\solr\test7], dataDir=[C:\Users\mareike\Documents\Studium\8.Semester-SS19\solr-7.7.1-test\server\solr\test7\data\]
2019-05-24 12:12:52.316 INFO  (qtp102617125-17) [   x:test7] o.a.s.r.XSLTResponseWriter xsltCacheLifetimeSeconds=5
2019-05-24 12:12:52.354 INFO  (qtp102617125-17) [   x:test7] o.a.s.u.UpdateHandler Using UpdateLog implementation: org.apache.solr.update.UpdateLog
2019-05-24 12:12:52.354 INFO  (qtp102617125-17) [   x:test7] o.a.s.u.UpdateLog Initializing UpdateLog: dataDir= defaultSyncLevel=FLUSH numRecordsToKeep=100 maxNumLogsToKeep=10 numVersionBuckets=65536
2019-05-24 12:12:52.354 INFO  (qtp102617125-17) [   x:test7] o.a.s.u.CommitTracker Hard AutoCommit: if uncommitted for 15000ms; 
2019-05-24 12:12:52.354 INFO  (qtp102617125-17) [   x:test7] o.a.s.u.CommitTracker Soft AutoCommit: disabled
2019-05-24 12:12:52.369 INFO  (qtp102617125-17) [   x:test7] o.a.s.s.SolrIndexSearcher Opening [Searcher@7a58b918[test7] main]
2019-05-24 12:12:52.369 INFO  (qtp102617125-17) [   x:test7] o.a.s.r.ManagedResourceStorage File-based storage initialized to use dir: C:\Users\mareike\Documents\Studium\8.Semester-SS19\solr-7.7.1-test\server\solr\test7\conf
2019-05-24 12:12:52.369 INFO  (qtp102617125-17) [   x:test7] o.a.s.h.c.SpellCheckComponent Initializing spell checkers
2019-05-24 12:12:52.369 INFO  (qtp102617125-17) [   x:test7] o.a.s.s.DirectSolrSpellChecker init: {name=default,field=_text_,classname=solr.DirectSolrSpellChecker,distanceMeasure=internal,accuracy=0.5,maxEdits=2,minPrefix=1,maxInspections=5,minQueryLength=4,maxQueryFrequency=0.01}
2019-05-24 12:12:52.369 INFO  (qtp102617125-17) [   x:test7] o.a.s.h.ReplicationHandler Commits will be reserved for 10000ms.
2019-05-24 12:12:52.369 INFO  (qtp102617125-17) [   x:test7] o.a.s.u.UpdateLog Could not find max version in index or recent updates, using new clock 1634415382226796544
2019-05-24 12:12:52.369 INFO  (searcherExecutor-20-thread-1-processing-x:test7) [   x:test7] o.a.s.c.QuerySenderListener QuerySenderListener sending requests to Searcher@7a58b918[test7] main{ExitableDirectoryReader(UninvertingDirectoryReader())}
2019-05-24 12:12:52.369 INFO  (searcherExecutor-20-thread-1-processing-x:test7) [   x:test7] o.a.s.c.QuerySenderListener QuerySenderListener done.
2019-05-24 12:12:52.369 INFO  (searcherExecutor-20-thread-1-processing-x:test7) [   x:test7] o.a.s.h.c.SpellCheckComponent Loading spell index for spellchecker: default
2019-05-24 12:12:52.369 INFO  (searcherExecutor-20-thread-1-processing-x:test7) [   x:test7] o.a.s.c.SolrCore [test7] Registered new searcher Searcher@7a58b918[test7] main{ExitableDirectoryReader(UninvertingDirectoryReader())}
2019-05-24 12:12:52.369 INFO  (qtp102617125-17) [   x:test7] o.a.s.s.HttpSolrCall [admin] webapp=null path=/admin/cores params={name=test7&action=CREATE&instanceDir=test7&wt=json} status=0 QTime=460
2019-05-24 12:13:44.254 ERROR (qtp102617125-23) [   ] o.a.s.h.RequestHandlerBase org.apache.solr.common.SolrException: Solr instance is not running in SolrCloud mode.
	at org.apache.solr.handler.admin.ConfigSetsHandler.handleRequestBody(ConfigSetsHandler.java:99)
	at org.apache.solr.handler.RequestHandlerBase.handleRequest(RequestHandlerBase.java:199)
	at org.apache.solr.servlet.HttpSolrCall.handleAdmin(HttpSolrCall.java:735)
	at org.apache.solr.servlet.HttpSolrCall.handleAdminRequest(HttpSolrCall.java:716)
	at org.apache.solr.servlet.HttpSolrCall.call(HttpSolrCall.java:496)
	at org.apache.solr.servlet.SolrDispatchFilter.doFilter(SolrDispatchFilter.java:395)
	at org.apache.solr.servlet.SolrDispatchFilter.doFilter(SolrDispatchFilter.java:341)
	at org.eclipse.jetty.servlet.ServletHandler$CachedChain.doFilter(ServletHandler.java:1602)
	at org.eclipse.jetty.servlet.ServletHandler.doHandle(ServletHandler.java:540)
	at org.eclipse.jetty.server.handler.ScopedHandler.handle(ScopedHandler.java:146)
	at org.eclipse.jetty.security.SecurityHandler.handle(SecurityHandler.java:548)
	at org.eclipse.jetty.server.handler.HandlerWrapper.handle(HandlerWrapper.java:132)
	at org.eclipse.jetty.server.handler.ScopedHandler.nextHandle(ScopedHandler.java:257)
	at org.eclipse.jetty.server.session.SessionHandler.doHandle(SessionHandler.java:1588)
	at org.eclipse.jetty.server.handler.ScopedHandler.nextHandle(ScopedHandler.java:255)
	at org.eclipse.jetty.server.handler.ContextHandler.doHandle(ContextHandler.java:1345)
	at org.eclipse.jetty.server.handler.ScopedHandler.nextScope(ScopedHandler.java:203)
	at org.eclipse.jetty.servlet.ServletHandler.doScope(ServletHandler.java:480)
	at org.eclipse.jetty.server.session.SessionHandler.doScope(SessionHandler.java:1557)
	at org.eclipse.jetty.server.handler.ScopedHandler.nextScope(ScopedHandler.java:201)
	at org.eclipse.jetty.server.handler.ContextHandler.doScope(ContextHandler.java:1247)
	at org.eclipse.jetty.server.handler.ScopedHandler.handle(ScopedHandler.java:144)
	at org.eclipse.jetty.server.handler.ContextHandlerCollection.handle(ContextHandlerCollection.java:220)
	at org.eclipse.jetty.server.handler.HandlerCollection.handle(HandlerCollection.java:126)
	at org.eclipse.jetty.server.handler.HandlerWrapper.handle(HandlerWrapper.java:132)
	at org.eclipse.jetty.rewrite.handler.RewriteHandler.handle(RewriteHandler.java:335)
	at org.eclipse.jetty.server.handler.HandlerWrapper.handle(HandlerWrapper.java:132)
	at org.eclipse.jetty.server.Server.handle(Server.java:502)
	at org.eclipse.jetty.server.HttpChannel.handle(HttpChannel.java:364)
	at org.eclipse.jetty.server.HttpConnection.onFillable(HttpConnection.java:260)
	at org.eclipse.jetty.io.AbstractConnection$ReadCallback.succeeded(AbstractConnection.java:305)
	at org.eclipse.jetty.io.FillInterest.fillable(FillInterest.java:103)
	at org.eclipse.jetty.io.ChannelEndPoint$2.run(ChannelEndPoint.java:118)
	at org.eclipse.jetty.util.thread.strategy.EatWhatYouKill.runTask(EatWhatYouKill.java:333)
	at org.eclipse.jetty.util.thread.strategy.EatWhatYouKill.doProduce(EatWhatYouKill.java:310)
	at org.eclipse.jetty.util.thread.strategy.EatWhatYouKill.tryProduce(EatWhatYouKill.java:168)
	at org.eclipse.jetty.util.thread.strategy.EatWhatYouKill.run(EatWhatYouKill.java:126)
	at org.eclipse.jetty.util.thread.ReservedThreadExecutor$ReservedThread.run(ReservedThreadExecutor.java:366)
	at org.eclipse.jetty.util.thread.QueuedThreadPool.runJob(QueuedThreadPool.java:765)
	at org.eclipse.jetty.util.thread.QueuedThreadPool$2.run(QueuedThreadPool.java:683)
	at java.lang.Thread.run(Thread.java:748)

2019-05-24 12:13:44.254 INFO  (qtp102617125-23) [   ] o.a.s.s.HttpSolrCall [admin] webapp=null path=/admin/configs params={omitHeader=true&action=LIST} status=400 QTime=1
2019-05-24 12:15:19.109 INFO  (qtp102617125-20) [   ] o.a.s.s.HttpSolrCall [admin] webapp=null path=/admin/info/system params={wt=json} status=0 QTime=34
2019-05-24 12:15:19.166 INFO  (qtp102617125-18) [   ] o.a.s.s.HttpSolrCall [admin] webapp=null path=/admin/info/system params={wt=json} status=0 QTime=33
2019-05-24 12:15:19.181 INFO  (qtp102617125-21) [   x:test7] o.a.s.s.HttpSolrCall [admin] webapp=null path=/admin/cores params={core=test7&action=STATUS&wt=json} status=0 QTime=2
2019-05-24 12:15:46.859 INFO  (qtp102617125-18) [   ] o.a.s.s.HttpSolrCall [admin] webapp=null path=/admin/cores params={indexInfo=false&wt=json&_=1558698420626} status=0 QTime=0
2019-05-24 12:15:46.860 INFO  (qtp102617125-21) [   ] o.a.s.s.HttpSolrCall [admin] webapp=null path=/admin/info/properties params={wt=json&_=1558700146845} status=0 QTime=0
2019-05-24 12:15:46.913 INFO  (qtp102617125-20) [   ] o.a.s.s.HttpSolrCall [admin] webapp=null path=/admin/info/system params={wt=json&_=1558698420628} status=0 QTime=50
2019-05-24 12:15:47.587 INFO  (qtp102617125-21) [   ] o.a.s.s.HttpSolrCall [admin] webapp=null path=/admin/cores params={indexInfo=false&wt=json&_=1558698420626} status=0 QTime=0
2019-05-24 12:15:47.590 INFO  (qtp102617125-20) [   ] o.a.s.s.HttpSolrCall [admin] webapp=null path=/admin/cores params={wt=json&_=1558698420626} status=0 QTime=1
2019-05-24 12:15:47.641 INFO  (qtp102617125-22) [   ] o.a.s.s.HttpSolrCall [admin] webapp=null path=/admin/info/system params={wt=json&_=1558698420628} status=0 QTime=52
2019-05-24 12:15:47.668 INFO  (qtp102617125-18) [   ] o.a.s.s.HttpSolrCall [admin] webapp=null path=/admin/cores params={indexInfo=false&wt=json&_=1558698420626} status=0 QTime=0
2019-05-24 12:15:47.674 INFO  (qtp102617125-18) [   ] o.a.s.s.HttpSolrCall [admin] webapp=null path=/admin/cores params={wt=json&_=1558698420626} status=0 QTime=1
2019-05-24 12:15:47.717 INFO  (qtp102617125-21) [   ] o.a.s.s.HttpSolrCall [admin] webapp=null path=/admin/info/system params={wt=json&_=1558698420628} status=0 QTime=45
2019-05-24 12:15:49.931 INFO  (qtp102617125-20) [   x:test7] o.a.s.m.SolrMetricManager Closing metric reporters for registry=solr.core.test7, tag=null
2019-05-24 12:15:49.931 INFO  (qtp102617125-20) [   x:test7] o.a.s.m.r.SolrJmxReporter Closing reporter [org.apache.solr.metrics.reporters.SolrJmxReporter@6e6be048: rootName = null, domain = solr.core.test7, service url = null, agent id = null] for registry solr.core.test7 / com.codahale.metrics.MetricRegistry@69b6b65e
2019-05-24 12:15:49.940 INFO  (qtp102617125-20) [   x:test7] o.a.s.c.SolrCore [test7]  CLOSING SolrCore org.apache.solr.core.SolrCore@5fc493d4
2019-05-24 12:15:49.941 INFO  (qtp102617125-20) [   x:test7] o.a.s.m.SolrMetricManager Closing metric reporters for registry=solr.core.test7, tag=5fc493d4
2019-05-24 12:15:49.950 INFO  (qtp102617125-20) [   x:test7] o.a.s.s.HttpSolrCall [admin] webapp=null path=/admin/cores params={core=test7&action=UNLOAD&wt=json&_=1558698420626} status=0 QTime=20
2019-05-24 12:15:49.983 INFO  (qtp102617125-21) [   ] o.a.s.s.HttpSolrCall [admin] webapp=null path=/admin/cores params={indexInfo=false&wt=json&_=1558698420626} status=0 QTime=0
2019-05-24 12:15:49.987 INFO  (qtp102617125-22) [   ] o.a.s.s.HttpSolrCall [admin] webapp=null path=/admin/cores params={wt=json&_=1558698420626} status=0 QTime=0
2019-05-24 12:15:50.028 INFO  (qtp102617125-20) [   ] o.a.s.s.HttpSolrCall [admin] webapp=null path=/admin/info/system params={wt=json&_=1558698420628} status=0 QTime=42
2019-05-24 12:16:00.168 INFO  (qtp102617125-18) [   ] o.a.s.s.HttpSolrCall [admin] webapp=null path=/admin/info/system params={wt=json} status=0 QTime=33
2019-05-24 12:16:00.215 INFO  (qtp102617125-21) [   ] o.a.s.s.HttpSolrCall [admin] webapp=null path=/admin/info/system params={wt=json} status=0 QTime=30
2019-05-24 12:16:00.231 INFO  (qtp102617125-20) [   x:test8] o.a.s.s.HttpSolrCall [admin] webapp=null path=/admin/cores params={core=test8&action=STATUS&wt=json} status=0 QTime=0
2019-05-24 12:16:00.616 INFO  (qtp102617125-21) [   x:test8] o.a.s.h.a.CoreAdminOperation core create command name=test8&action=CREATE&instanceDir=test8&wt=json
2019-05-24 12:16:00.647 INFO  (qtp102617125-21) [   x:test8] o.a.s.c.SolrResourceLoader [test8] Added 58 libs to classloader, from paths: [/C:/Users/mareike/Documents/Studium/8.Semester-SS19/solr-7.7.1-test/contrib/clustering/lib, /C:/Users/mareike/Documents/Studium/8.Semester-SS19/solr-7.7.1-test/contrib/extraction/lib, /C:/Users/mareike/Documents/Studium/8.Semester-SS19/solr-7.7.1-test/contrib/langid/lib, /C:/Users/mareike/Documents/Studium/8.Semester-SS19/solr-7.7.1-test/contrib/velocity/lib, /C:/Users/mareike/Documents/Studium/8.Semester-SS19/solr-7.7.1-test/dist]
2019-05-24 12:16:00.700 INFO  (qtp102617125-21) [   x:test8] o.a.s.c.SolrConfig Using Lucene MatchVersion: 7.7.1
2019-05-24 12:16:00.732 INFO  (qtp102617125-21) [   x:test8] o.a.s.s.IndexSchema [test8] Schema name=default-config
2019-05-24 12:16:00.948 INFO  (qtp102617125-21) [   x:test8] o.a.s.s.IndexSchema Loaded schema default-config/1.6 with uniqueid field id
2019-05-24 12:16:01.001 INFO  (qtp102617125-21) [   x:test8] o.a.s.c.CoreContainer Creating SolrCore 'test8' using configuration from instancedir C:\Users\mareike\Documents\Studium\8.Semester-SS19\solr-7.7.1-test\server\solr\test8, trusted=true
2019-05-24 12:16:01.017 INFO  (qtp102617125-21) [   x:test8] o.a.s.m.r.SolrJmxReporter JMX monitoring for 'solr.core.test8' (registry 'solr.core.test8') enabled at server: com.sun.jmx.mbeanserver.JmxMBeanServer@6b1274d2
2019-05-24 12:16:01.017 INFO  (qtp102617125-21) [   x:test8] o.a.s.c.SolrCore [[test8] ] Opening new SolrCore at [C:\Users\mareike\Documents\Studium\8.Semester-SS19\solr-7.7.1-test\server\solr\test8], dataDir=[C:\Users\mareike\Documents\Studium\8.Semester-SS19\solr-7.7.1-test\server\solr\test8\data\]
2019-05-24 12:16:01.032 INFO  (qtp102617125-21) [   x:test8] o.a.s.r.XSLTResponseWriter xsltCacheLifetimeSeconds=5
2019-05-24 12:16:01.086 INFO  (qtp102617125-21) [   x:test8] o.a.s.u.UpdateHandler Using UpdateLog implementation: org.apache.solr.update.UpdateLog
2019-05-24 12:16:01.086 INFO  (qtp102617125-21) [   x:test8] o.a.s.u.UpdateLog Initializing UpdateLog: dataDir= defaultSyncLevel=FLUSH numRecordsToKeep=100 maxNumLogsToKeep=10 numVersionBuckets=65536
2019-05-24 12:16:01.086 INFO  (qtp102617125-21) [   x:test8] o.a.s.u.CommitTracker Hard AutoCommit: if uncommitted for 15000ms; 
2019-05-24 12:16:01.086 INFO  (qtp102617125-21) [   x:test8] o.a.s.u.CommitTracker Soft AutoCommit: disabled
2019-05-24 12:16:01.086 INFO  (qtp102617125-21) [   x:test8] o.a.s.s.SolrIndexSearcher Opening [Searcher@5e89bd98[test8] main]
2019-05-24 12:16:01.086 INFO  (qtp102617125-21) [   x:test8] o.a.s.r.ManagedResourceStorage File-based storage initialized to use dir: C:\Users\mareike\Documents\Studium\8.Semester-SS19\solr-7.7.1-test\server\solr\test8\conf
2019-05-24 12:16:01.086 INFO  (qtp102617125-21) [   x:test8] o.a.s.h.c.SpellCheckComponent Initializing spell checkers
2019-05-24 12:16:01.086 INFO  (qtp102617125-21) [   x:test8] o.a.s.s.DirectSolrSpellChecker init: {name=default,field=_text_,classname=solr.DirectSolrSpellChecker,distanceMeasure=internal,accuracy=0.5,maxEdits=2,minPrefix=1,maxInspections=5,minQueryLength=4,maxQueryFrequency=0.01}
2019-05-24 12:16:01.086 INFO  (qtp102617125-21) [   x:test8] o.a.s.h.ReplicationHandler Commits will be reserved for 10000ms.
2019-05-24 12:16:01.086 INFO  (qtp102617125-21) [   x:test8] o.a.s.u.UpdateLog Could not find max version in index or recent updates, using new clock 1634415580110913536
2019-05-24 12:16:01.101 INFO  (searcherExecutor-25-thread-1-processing-x:test8) [   x:test8] o.a.s.c.QuerySenderListener QuerySenderListener sending requests to Searcher@5e89bd98[test8] main{ExitableDirectoryReader(UninvertingDirectoryReader())}
2019-05-24 12:16:01.101 INFO  (searcherExecutor-25-thread-1-processing-x:test8) [   x:test8] o.a.s.c.QuerySenderListener QuerySenderListener done.
2019-05-24 12:16:01.101 INFO  (searcherExecutor-25-thread-1-processing-x:test8) [   x:test8] o.a.s.h.c.SpellCheckComponent Loading spell index for spellchecker: default
2019-05-24 12:16:01.101 INFO  (searcherExecutor-25-thread-1-processing-x:test8) [   x:test8] o.a.s.c.SolrCore [test8] Registered new searcher Searcher@5e89bd98[test8] main{ExitableDirectoryReader(UninvertingDirectoryReader())}
2019-05-24 12:16:01.101 INFO  (qtp102617125-21) [   x:test8] o.a.s.s.HttpSolrCall [admin] webapp=null path=/admin/cores params={name=test8&action=CREATE&instanceDir=test8&wt=json} status=0 QTime=482
2019-05-24 12:16:37.589 INFO  (qtp102617125-21) [   x:test8] o.a.s.c.PluginBag Going to create a new requestHandler with {type = requestHandler,name = /update/extract,class = solr.extraction.ExtractingRequestHandler,attributes = {startup=lazy, name=/update/extract, class=solr.extraction.ExtractingRequestHandler},args = {defaults={lowernames=true,fmap.content=_text_,captureAttr=true,df=_text_}}} 
2019-05-24 12:16:39.082 INFO  (qtp102617125-21) [   x:test8] o.a.p.p.f.PDCIDFontType2 OpenType Layout tables used in font ABCDEE+Calibri are not implemented in PDFBox and will be ignored
2019-05-24 12:16:39.114 INFO  (qtp102617125-21) [   x:test8] o.a.p.p.f.PDCIDFontType2 OpenType Layout tables used in font ABCDEE+Calibri,Italic are not implemented in PDFBox and will be ignored
2019-05-24 12:16:40.414 INFO  (qtp102617125-21) [   x:test8] o.a.s.s.ManagedIndexSchema Upgraded to managed schema at C:\Users\mareike\Documents\Studium\8.Semester-SS19\solr-7.7.1-test\server\solr\test8\conf\managed-schema
2019-05-24 12:16:40.520 INFO  (qtp102617125-21) [   x:test8] o.a.s.u.p.LogUpdateProcessorFactory [test8]  webapp=/solr path=/update/extract params={wt=javabin&version=2}{add=[682c32d3-3b72-43b3-bcf7-daf85aa7ecf0 (1634415621372379136)]} 0 2941
2019-05-24 12:16:40.567 INFO  (qtp102617125-20) [   x:test8] o.a.s.u.DirectUpdateHandler2 start commit{_version_=1634415621509742592,optimize=false,openSearcher=true,waitSearcher=true,expungeDeletes=false,softCommit=false,prepareCommit=false}
2019-05-24 12:16:40.567 INFO  (qtp102617125-20) [   x:test8] o.a.s.u.SolrIndexWriter Calling setCommitData with IW:org.apache.solr.update.SolrIndexWriter@b33598c commitCommandVersion:1634415621509742592
2019-05-24 12:16:40.814 INFO  (qtp102617125-20) [   x:test8] o.a.s.s.SolrIndexSearcher Opening [Searcher@18444696[test8] main]
2019-05-24 12:16:40.814 INFO  (qtp102617125-20) [   x:test8] o.a.s.u.DirectUpdateHandler2 end_commit_flush
2019-05-24 12:16:40.814 INFO  (searcherExecutor-25-thread-1-processing-x:test8) [   x:test8] o.a.s.c.QuerySenderListener QuerySenderListener sending requests to Searcher@18444696[test8] main{ExitableDirectoryReader(UninvertingDirectoryReader(Uninverting(_0(7.7.1):C1:[diagnostics={os=Windows 10, java.vendor=Oracle Corporation, java.version=1.8.0_131, java.vm.version=25.131-b11, lucene.version=7.7.1, os.arch=amd64, java.runtime.version=1.8.0_131-b11, source=flush, os.version=10.0, timestamp=1558700200681}]:[attributes={Lucene50StoredFieldsFormat.mode=BEST_SPEED}])))}
2019-05-24 12:16:40.821 INFO  (searcherExecutor-25-thread-1-processing-x:test8) [   x:test8] o.a.s.c.QuerySenderListener QuerySenderListener done.
2019-05-24 12:16:40.821 INFO  (searcherExecutor-25-thread-1-processing-x:test8) [   x:test8] o.a.s.c.SolrCore [test8] Registered new searcher Searcher@18444696[test8] main{ExitableDirectoryReader(UninvertingDirectoryReader(Uninverting(_0(7.7.1):C1:[diagnostics={os=Windows 10, java.vendor=Oracle Corporation, java.version=1.8.0_131, java.vm.version=25.131-b11, lucene.version=7.7.1, os.arch=amd64, java.runtime.version=1.8.0_131-b11, source=flush, os.version=10.0, timestamp=1558700200681}]:[attributes={Lucene50StoredFieldsFormat.mode=BEST_SPEED}])))}
2019-05-24 12:16:40.821 INFO  (qtp102617125-20) [   x:test8] o.a.s.u.p.LogUpdateProcessorFactory [test8]  webapp=/solr path=/update params={waitSearcher=true&commit=true&softCommit=false&wt=javabin&version=2}{commit=} 0 250
2019-05-24 12:16:42.956 INFO  (qtp102617125-22) [   x:test8] o.a.p.p.f.PDCIDFontType2 OpenType Layout tables used in font ABCDEE+Calibri are not implemented in PDFBox and will be ignored
2019-05-24 12:16:43.003 INFO  (qtp102617125-22) [   x:test8] o.a.p.p.f.PDCIDFontType2 OpenType Layout tables used in font ABCDEE+Calibri,Italic are not implemented in PDFBox and will be ignored
2019-05-24 12:16:43.107 INFO  (qtp102617125-22) [   x:test8] o.a.s.u.p.LogUpdateProcessorFactory [test8]  webapp=/solr path=/update/extract params={wt=javabin&version=2}{add=[1b563734-6b0a-4d22-ab27-0c81448df954 (1634415624131182592)]} 0 291
2019-05-24 12:16:43.148 INFO  (qtp102617125-21) [   x:test8] o.a.s.u.DirectUpdateHandler2 start commit{_version_=1634415624216117248,optimize=false,openSearcher=true,waitSearcher=true,expungeDeletes=false,softCommit=false,prepareCommit=false}
2019-05-24 12:16:43.148 INFO  (qtp102617125-21) [   x:test8] o.a.s.u.SolrIndexWriter Calling setCommitData with IW:org.apache.solr.update.SolrIndexWriter@b33598c commitCommandVersion:1634415624216117248
2019-05-24 12:16:43.428 INFO  (qtp102617125-21) [   x:test8] o.a.s.s.SolrIndexSearcher Opening [Searcher@2898825[test8] main]
2019-05-24 12:16:43.428 INFO  (qtp102617125-21) [   x:test8] o.a.s.u.DirectUpdateHandler2 end_commit_flush
2019-05-24 12:16:43.428 INFO  (searcherExecutor-25-thread-1-processing-x:test8) [   x:test8] o.a.s.c.QuerySenderListener QuerySenderListener sending requests to Searcher@2898825[test8] main{ExitableDirectoryReader(UninvertingDirectoryReader(Uninverting(_0(7.7.1):C1:[diagnostics={os=Windows 10, java.vendor=Oracle Corporation, java.version=1.8.0_131, java.vm.version=25.131-b11, lucene.version=7.7.1, os.arch=amd64, java.runtime.version=1.8.0_131-b11, source=flush, os.version=10.0, timestamp=1558700200681}]:[attributes={Lucene50StoredFieldsFormat.mode=BEST_SPEED}]) Uninverting(_1(7.7.1):C1:[diagnostics={os=Windows 10, java.vendor=Oracle Corporation, java.version=1.8.0_131, java.vm.version=25.131-b11, lucene.version=7.7.1, os.arch=amd64, java.runtime.version=1.8.0_131-b11, source=flush, os.version=10.0, timestamp=1558700203198}]:[attributes={Lucene50StoredFieldsFormat.mode=BEST_SPEED}])))}
2019-05-24 12:16:43.428 INFO  (searcherExecutor-25-thread-1-processing-x:test8) [   x:test8] o.a.s.c.QuerySenderListener QuerySenderListener done.
2019-05-24 12:16:43.428 INFO  (searcherExecutor-25-thread-1-processing-x:test8) [   x:test8] o.a.s.c.SolrCore [test8] Registered new searcher Searcher@2898825[test8] main{ExitableDirectoryReader(UninvertingDirectoryReader(Uninverting(_0(7.7.1):C1:[diagnostics={os=Windows 10, java.vendor=Oracle Corporation, java.version=1.8.0_131, java.vm.version=25.131-b11, lucene.version=7.7.1, os.arch=amd64, java.runtime.version=1.8.0_131-b11, source=flush, os.version=10.0, timestamp=1558700200681}]:[attributes={Lucene50StoredFieldsFormat.mode=BEST_SPEED}]) Uninverting(_1(7.7.1):C1:[diagnostics={os=Windows 10, java.vendor=Oracle Corporation, java.version=1.8.0_131, java.vm.version=25.131-b11, lucene.version=7.7.1, os.arch=amd64, java.runtime.version=1.8.0_131-b11, source=flush, os.version=10.0, timestamp=1558700203198}]:[attributes={Lucene50StoredFieldsFormat.mode=BEST_SPEED}])))}
2019-05-24 12:16:43.428 INFO  (qtp102617125-21) [   x:test8] o.a.s.u.p.LogUpdateProcessorFactory [test8]  webapp=/solr path=/update params={waitSearcher=true&commit=true&softCommit=false&wt=javabin&version=2}{commit=} 0 280
2019-05-24 12:16:47.732 INFO  (qtp102617125-20) [   x:test8] o.a.p.p.f.PDCIDFontType2 OpenType Layout tables used in font ABCDEE+Calibri are not implemented in PDFBox and will be ignored
2019-05-24 12:16:47.754 INFO  (qtp102617125-20) [   x:test8] o.a.p.p.f.PDCIDFontType2 OpenType Layout tables used in font ABCDEE+Calibri,Italic are not implemented in PDFBox and will be ignored
2019-05-24 12:16:47.825 INFO  (qtp102617125-20) [   x:test8] o.a.s.u.p.LogUpdateProcessorFactory [test8]  webapp=/solr path=/update/extract params={wt=javabin&version=2}{add=[98f274fa-35a2-465c-8c65-e8b0af8685ed (1634415629107724288)]} 0 210
2019-05-24 12:16:47.865 INFO  (qtp102617125-18) [   x:test8] o.a.s.u.DirectUpdateHandler2 start commit{_version_=1634415629162250240,optimize=false,openSearcher=true,waitSearcher=true,expungeDeletes=false,softCommit=false,prepareCommit=false}
2019-05-24 12:16:47.865 INFO  (qtp102617125-18) [   x:test8] o.a.s.u.SolrIndexWriter Calling setCommitData with IW:org.apache.solr.update.SolrIndexWriter@b33598c commitCommandVersion:1634415629162250240
2019-05-24 12:16:48.014 INFO  (qtp102617125-18) [   x:test8] o.a.s.s.SolrIndexSearcher Opening [Searcher@379d6719[test8] main]
2019-05-24 12:16:48.014 INFO  (searcherExecutor-25-thread-1-processing-x:test8) [   x:test8] o.a.s.c.QuerySenderListener QuerySenderListener sending requests to Searcher@379d6719[test8] main{ExitableDirectoryReader(UninvertingDirectoryReader(Uninverting(_0(7.7.1):C1:[diagnostics={os=Windows 10, java.vendor=Oracle Corporation, java.version=1.8.0_131, java.vm.version=25.131-b11, lucene.version=7.7.1, os.arch=amd64, java.runtime.version=1.8.0_131-b11, source=flush, os.version=10.0, timestamp=1558700200681}]:[attributes={Lucene50StoredFieldsFormat.mode=BEST_SPEED}]) Uninverting(_1(7.7.1):C1:[diagnostics={os=Windows 10, java.vendor=Oracle Corporation, java.version=1.8.0_131, java.vm.version=25.131-b11, lucene.version=7.7.1, os.arch=amd64, java.runtime.version=1.8.0_131-b11, source=flush, os.version=10.0, timestamp=1558700203198}]:[attributes={Lucene50StoredFieldsFormat.mode=BEST_SPEED}]) Uninverting(_2(7.7.1):C1:[diagnostics={os=Windows 10, java.vendor=Oracle Corporation, java.version=1.8.0_131, java.vm.version=25.131-b11, lucene.version=7.7.1, os.arch=amd64, java.runtime.version=1.8.0_131-b11, source=flush, os.version=10.0, timestamp=1558700207875}]:[attributes={Lucene50StoredFieldsFormat.mode=BEST_SPEED}])))}
2019-05-24 12:16:48.014 INFO  (searcherExecutor-25-thread-1-processing-x:test8) [   x:test8] o.a.s.c.QuerySenderListener QuerySenderListener done.
2019-05-24 12:16:48.024 INFO  (searcherExecutor-25-thread-1-processing-x:test8) [   x:test8] o.a.s.c.SolrCore [test8] Registered new searcher Searcher@379d6719[test8] main{ExitableDirectoryReader(UninvertingDirectoryReader(Uninverting(_0(7.7.1):C1:[diagnostics={os=Windows 10, java.vendor=Oracle Corporation, java.version=1.8.0_131, java.vm.version=25.131-b11, lucene.version=7.7.1, os.arch=amd64, java.runtime.version=1.8.0_131-b11, source=flush, os.version=10.0, timestamp=1558700200681}]:[attributes={Lucene50StoredFieldsFormat.mode=BEST_SPEED}]) Uninverting(_1(7.7.1):C1:[diagnostics={os=Windows 10, java.vendor=Oracle Corporation, java.version=1.8.0_131, java.vm.version=25.131-b11, lucene.version=7.7.1, os.arch=amd64, java.runtime.version=1.8.0_131-b11, source=flush, os.version=10.0, timestamp=1558700203198}]:[attributes={Lucene50StoredFieldsFormat.mode=BEST_SPEED}]) Uninverting(_2(7.7.1):C1:[diagnostics={os=Windows 10, java.vendor=Oracle Corporation, java.version=1.8.0_131, java.vm.version=25.131-b11, lucene.version=7.7.1, os.arch=amd64, java.runtime.version=1.8.0_131-b11, source=flush, os.version=10.0, timestamp=1558700207875}]:[attributes={Lucene50StoredFieldsFormat.mode=BEST_SPEED}])))}
2019-05-24 12:16:48.024 INFO  (qtp102617125-18) [   x:test8] o.a.s.u.DirectUpdateHandler2 end_commit_flush
2019-05-24 12:16:48.024 INFO  (qtp102617125-18) [   x:test8] o.a.s.u.p.LogUpdateProcessorFactory [test8]  webapp=/solr path=/update params={waitSearcher=true&commit=true&softCommit=false&wt=javabin&version=2}{commit=} 0 159
2019-05-24 12:16:51.944 INFO  (qtp102617125-20) [   ] o.a.s.s.HttpSolrCall [admin] webapp=null path=/admin/cores params={indexInfo=false&wt=json&_=1558698420626} status=0 QTime=0
2019-05-24 12:16:51.948 INFO  (qtp102617125-18) [   ] o.a.s.s.HttpSolrCall [admin] webapp=null path=/admin/info/properties params={wt=json&_=1558700146845} status=0 QTime=0
2019-05-24 12:16:52.001 INFO  (qtp102617125-21) [   ] o.a.s.s.HttpSolrCall [admin] webapp=null path=/admin/info/system params={wt=json&_=1558698420628} status=0 QTime=46
2019-05-24 12:16:53.681 INFO  (qtp102617125-18) [   ] o.a.s.s.HttpSolrCall [admin] webapp=null path=/admin/cores params={indexInfo=false&wt=json&_=1558698420626} status=0 QTime=0
2019-05-24 12:16:53.688 INFO  (qtp102617125-21) [   x:test8] o.a.s.c.S.Request [test8]  webapp=/solr path=/admin/luke params={numTerms=0&show=index&wt=json&_=1558699527897} status=0 QTime=1
2019-05-24 12:16:53.699 INFO  (qtp102617125-23) [   x:test8] o.a.s.c.S.Request [test8]  webapp=/solr path=/replication params={wt=json&command=details&_=1558699527898} status=0 QTime=6
2019-05-24 12:16:53.702 INFO  (qtp102617125-16) [   x:test8] o.a.s.c.S.Request [test8]  webapp=/solr path=/admin/ping params={action=status&wt=json&_=1558698420628&ts=1558698420628} status=503 QTime=0
2019-05-24 12:16:53.791 INFO  (qtp102617125-18) [   x:test8] o.a.s.c.S.Request [test8]  webapp=/solr path=/admin/system params={wt=json&_=1558699527897} status=0 QTime=93
2019-05-24 12:16:53.792 INFO  (qtp102617125-20) [   ] o.a.s.s.HttpSolrCall [admin] webapp=null path=/admin/info/system params={wt=json&_=1558698420628} status=0 QTime=106
2019-05-24 12:16:55.474 INFO  (qtp102617125-19) [   ] o.a.s.s.HttpSolrCall [admin] webapp=null path=/admin/cores params={indexInfo=false&wt=json&_=1558698420626} status=0 QTime=0
2019-05-24 12:16:55.522 INFO  (qtp102617125-19) [   ] o.a.s.s.HttpSolrCall [admin] webapp=null path=/admin/info/system params={wt=json&_=1558698420628} status=0 QTime=45
2019-05-24 12:16:56.581 INFO  (qtp102617125-18) [   x:test8] o.a.s.c.S.Request [test8]  webapp=/solr path=/select params={q=*:*&_=1558698421367} hits=3 status=0 QTime=64
2019-05-24 12:17:17.929 INFO  (qtp102617125-19) [   ] o.a.s.s.HttpSolrCall [admin] webapp=null path=/admin/info/system params={wt=json} status=0 QTime=30
2019-05-24 12:17:17.992 INFO  (qtp102617125-18) [   ] o.a.s.s.HttpSolrCall [admin] webapp=null path=/admin/info/system params={wt=json} status=0 QTime=31
2019-05-24 12:17:17.998 INFO  (qtp102617125-21) [   x:test9] o.a.s.s.HttpSolrCall [admin] webapp=null path=/admin/cores params={core=test9&action=STATUS&wt=json} status=0 QTime=0
2019-05-24 12:17:18.114 INFO  (qtp102617125-19) [   x:test9] o.a.s.h.a.CoreAdminOperation core create command name=test9&action=CREATE&instanceDir=test9&wt=json
2019-05-24 12:17:18.157 INFO  (qtp102617125-19) [   x:test9] o.a.s.c.SolrResourceLoader [test9] Added 58 libs to classloader, from paths: [/C:/Users/mareike/Documents/Studium/8.Semester-SS19/solr-7.7.1-test/contrib/clustering/lib, /C:/Users/mareike/Documents/Studium/8.Semester-SS19/solr-7.7.1-test/contrib/extraction/lib, /C:/Users/mareike/Documents/Studium/8.Semester-SS19/solr-7.7.1-test/contrib/langid/lib, /C:/Users/mareike/Documents/Studium/8.Semester-SS19/solr-7.7.1-test/contrib/velocity/lib, /C:/Users/mareike/Documents/Studium/8.Semester-SS19/solr-7.7.1-test/dist]
2019-05-24 12:17:18.181 INFO  (qtp102617125-19) [   x:test9] o.a.s.c.SolrConfig Using Lucene MatchVersion: 7.7.1
2019-05-24 12:17:18.214 INFO  (qtp102617125-19) [   x:test9] o.a.s.s.IndexSchema [test9] Schema name=default-config
2019-05-24 12:17:18.399 INFO  (qtp102617125-19) [   x:test9] o.a.s.s.IndexSchema Loaded schema default-config/1.6 with uniqueid field id
2019-05-24 12:17:18.446 INFO  (qtp102617125-19) [   x:test9] o.a.s.c.CoreContainer Creating SolrCore 'test9' using configuration from instancedir C:\Users\mareike\Documents\Studium\8.Semester-SS19\solr-7.7.1-test\server\solr\test9, trusted=true
2019-05-24 12:17:18.446 INFO  (qtp102617125-19) [   x:test9] o.a.s.m.r.SolrJmxReporter JMX monitoring for 'solr.core.test9' (registry 'solr.core.test9') enabled at server: com.sun.jmx.mbeanserver.JmxMBeanServer@6b1274d2
2019-05-24 12:17:18.446 INFO  (qtp102617125-19) [   x:test9] o.a.s.c.SolrCore [[test9] ] Opening new SolrCore at [C:\Users\mareike\Documents\Studium\8.Semester-SS19\solr-7.7.1-test\server\solr\test9], dataDir=[C:\Users\mareike\Documents\Studium\8.Semester-SS19\solr-7.7.1-test\server\solr\test9\data\]
2019-05-24 12:17:18.477 INFO  (qtp102617125-19) [   x:test9] o.a.s.r.XSLTResponseWriter xsltCacheLifetimeSeconds=5
2019-05-24 12:17:18.515 INFO  (qtp102617125-19) [   x:test9] o.a.s.u.UpdateHandler Using UpdateLog implementation: org.apache.solr.update.UpdateLog
2019-05-24 12:17:18.515 INFO  (qtp102617125-19) [   x:test9] o.a.s.u.UpdateLog Initializing UpdateLog: dataDir= defaultSyncLevel=FLUSH numRecordsToKeep=100 maxNumLogsToKeep=10 numVersionBuckets=65536
2019-05-24 12:17:18.515 INFO  (qtp102617125-19) [   x:test9] o.a.s.u.CommitTracker Hard AutoCommit: if uncommitted for 15000ms; 
2019-05-24 12:17:18.515 INFO  (qtp102617125-19) [   x:test9] o.a.s.u.CommitTracker Soft AutoCommit: disabled
2019-05-24 12:17:18.531 INFO  (qtp102617125-19) [   x:test9] o.a.s.s.SolrIndexSearcher Opening [Searcher@5062f9ce[test9] main]
2019-05-24 12:17:18.531 INFO  (qtp102617125-19) [   x:test9] o.a.s.r.ManagedResourceStorage File-based storage initialized to use dir: C:\Users\mareike\Documents\Studium\8.Semester-SS19\solr-7.7.1-test\server\solr\test9\conf
2019-05-24 12:17:18.531 INFO  (qtp102617125-19) [   x:test9] o.a.s.h.c.SpellCheckComponent Initializing spell checkers
2019-05-24 12:17:18.531 INFO  (qtp102617125-19) [   x:test9] o.a.s.s.DirectSolrSpellChecker init: {name=default,field=_text_,classname=solr.DirectSolrSpellChecker,distanceMeasure=internal,accuracy=0.5,maxEdits=2,minPrefix=1,maxInspections=5,minQueryLength=4,maxQueryFrequency=0.01}
2019-05-24 12:17:18.531 INFO  (qtp102617125-19) [   x:test9] o.a.s.h.ReplicationHandler Commits will be reserved for 10000ms.
2019-05-24 12:17:18.531 INFO  (qtp102617125-19) [   x:test9] o.a.s.u.UpdateLog Could not find max version in index or recent updates, using new clock 1634415661317881856
2019-05-24 12:17:18.531 INFO  (searcherExecutor-30-thread-1-processing-x:test9) [   x:test9] o.a.s.c.QuerySenderListener QuerySenderListener sending requests to Searcher@5062f9ce[test9] main{ExitableDirectoryReader(UninvertingDirectoryReader())}
2019-05-24 12:17:18.531 INFO  (searcherExecutor-30-thread-1-processing-x:test9) [   x:test9] o.a.s.c.QuerySenderListener QuerySenderListener done.
2019-05-24 12:17:18.531 INFO  (searcherExecutor-30-thread-1-processing-x:test9) [   x:test9] o.a.s.h.c.SpellCheckComponent Loading spell index for spellchecker: default
2019-05-24 12:17:18.531 INFO  (searcherExecutor-30-thread-1-processing-x:test9) [   x:test9] o.a.s.c.SolrCore [test9] Registered new searcher Searcher@5062f9ce[test9] main{ExitableDirectoryReader(UninvertingDirectoryReader())}
2019-05-24 12:17:18.531 INFO  (qtp102617125-19) [   x:test9] o.a.s.s.HttpSolrCall [admin] webapp=null path=/admin/cores params={name=test9&action=CREATE&instanceDir=test9&wt=json} status=0 QTime=424
2019-05-24 12:17:21.414 INFO  (qtp102617125-21) [   ] o.a.s.s.HttpSolrCall [admin] webapp=null path=/admin/cores params={indexInfo=false&wt=json&_=1558698420626} status=0 QTime=0
2019-05-24 12:17:21.437 INFO  (qtp102617125-21) [   x:test8] o.a.s.c.S.Request [test8]  webapp=/solr path=/admin/luke params={numTerms=0&show=index&wt=json&_=1558699527897} status=0 QTime=0
2019-05-24 12:17:21.448 INFO  (qtp102617125-18) [   x:test8] o.a.s.c.S.Request [test8]  webapp=/solr path=/replication params={wt=json&command=details&_=1558699527898} status=0 QTime=9
2019-05-24 12:17:21.449 INFO  (qtp102617125-23) [   x:test8] o.a.s.c.S.Request [test8]  webapp=/solr path=/admin/ping params={action=status&wt=json&_=1558698420628&ts=1558698420628} status=503 QTime=0
2019-05-24 12:17:21.527 INFO  (qtp102617125-19) [   ] o.a.s.s.HttpSolrCall [admin] webapp=null path=/admin/info/system params={wt=json&_=1558698420628} status=0 QTime=110
2019-05-24 12:17:21.530 INFO  (qtp102617125-22) [   x:test8] o.a.s.c.S.Request [test8]  webapp=/solr path=/admin/system params={wt=json&_=1558699527897} status=0 QTime=90
2019-05-24 12:17:22.571 INFO  (qtp102617125-21) [   ] o.a.s.s.HttpSolrCall [admin] webapp=null path=/admin/cores params={indexInfo=false&wt=json&_=1558698420626} status=0 QTime=0
2019-05-24 12:17:22.577 INFO  (qtp102617125-19) [   x:test9] o.a.s.c.S.Request [test9]  webapp=/solr path=/admin/luke params={numTerms=0&show=index&wt=json&_=1558699527897} status=0 QTime=0
2019-05-24 12:17:22.583 INFO  (qtp102617125-21) [   x:test9] o.a.s.c.S.Request [test9]  webapp=/solr path=/replication params={wt=json&command=details&_=1558699527898} status=0 QTime=2
2019-05-24 12:17:22.597 INFO  (qtp102617125-23) [   x:test9] o.a.s.c.S.Request [test9]  webapp=/solr path=/admin/ping params={action=status&wt=json&_=1558698420628&ts=1558698420628} status=503 QTime=0
2019-05-24 12:17:22.677 INFO  (qtp102617125-15) [   ] o.a.s.s.HttpSolrCall [admin] webapp=null path=/admin/info/system params={wt=json&_=1558698420628} status=0 QTime=103
2019-05-24 12:17:22.677 INFO  (qtp102617125-19) [   x:test9] o.a.s.c.S.Request [test9]  webapp=/solr path=/admin/system params={wt=json&_=1558699527897} status=0 QTime=84
2019-05-24 12:17:23.558 INFO  (qtp102617125-18) [   ] o.a.s.s.HttpSolrCall [admin] webapp=null path=/admin/cores params={indexInfo=false&wt=json&_=1558698420626} status=0 QTime=0
2019-05-24 12:17:23.602 INFO  (qtp102617125-21) [   ] o.a.s.s.HttpSolrCall [admin] webapp=null path=/admin/info/system params={wt=json&_=1558698420628} status=0 QTime=42
2019-05-24 12:17:24.613 INFO  (qtp102617125-18) [   x:test9] o.a.s.c.S.Request [test9]  webapp=/solr path=/select params={q=*:*&_=1558698421367} hits=0 status=0 QTime=4
2019-05-24 12:18:02.469 INFO  (qtp102617125-19) [   x:test9] o.a.s.c.PluginBag Going to create a new requestHandler with {type = requestHandler,name = /update/extract,class = solr.extraction.ExtractingRequestHandler,attributes = {startup=lazy, name=/update/extract, class=solr.extraction.ExtractingRequestHandler},args = {defaults={lowernames=true,fmap.content=_text_,captureAttr=true,df=_text_}}} 
2019-05-24 12:18:03.709 INFO  (qtp102617125-19) [   x:test9] o.a.p.p.f.PDCIDFontType2 OpenType Layout tables used in font ABCDEE+Calibri are not implemented in PDFBox and will be ignored
2019-05-24 12:18:03.740 INFO  (qtp102617125-19) [   x:test9] o.a.p.p.f.PDCIDFontType2 OpenType Layout tables used in font ABCDEE+Calibri,Italic are not implemented in PDFBox and will be ignored
2019-05-24 12:18:04.715 INFO  (qtp102617125-19) [   x:test9] o.a.s.s.ManagedIndexSchema Upgraded to managed schema at C:\Users\mareike\Documents\Studium\8.Semester-SS19\solr-7.7.1-test\server\solr\test9\conf\managed-schema
2019-05-24 12:18:04.730 INFO  (qtp102617125-19) [   x:test9] o.a.s.u.p.LogUpdateProcessorFactory [test9]  webapp=/solr path=/update/extract params={wt=javabin&version=2}{add=[70d2c379-0e44-42bf-9dd8-672390edccc0 (1634415709745315840)]} 0 2264
2019-05-24 12:18:04.789 INFO  (qtp102617125-18) [   x:test9] o.a.s.u.DirectUpdateHandler2 start commit{_version_=1634415709822910464,optimize=false,openSearcher=true,waitSearcher=true,expungeDeletes=false,softCommit=false,prepareCommit=false}
2019-05-24 12:18:04.789 INFO  (qtp102617125-18) [   x:test9] o.a.s.u.SolrIndexWriter Calling setCommitData with IW:org.apache.solr.update.SolrIndexWriter@4ff9fabc commitCommandVersion:1634415709822910464
2019-05-24 12:18:04.950 INFO  (qtp102617125-18) [   x:test9] o.a.s.s.SolrIndexSearcher Opening [Searcher@193eddc3[test9] main]
2019-05-24 12:18:04.950 INFO  (qtp102617125-18) [   x:test9] o.a.s.u.DirectUpdateHandler2 end_commit_flush
2019-05-24 12:18:04.950 INFO  (searcherExecutor-30-thread-1-processing-x:test9) [   x:test9] o.a.s.c.QuerySenderListener QuerySenderListener sending requests to Searcher@193eddc3[test9] main{ExitableDirectoryReader(UninvertingDirectoryReader(Uninverting(_0(7.7.1):C1:[diagnostics={os=Windows 10, java.vendor=Oracle Corporation, java.version=1.8.0_131, java.vm.version=25.131-b11, lucene.version=7.7.1, os.arch=amd64, java.runtime.version=1.8.0_131-b11, source=flush, os.version=10.0, timestamp=1558700284804}]:[attributes={Lucene50StoredFieldsFormat.mode=BEST_SPEED}])))}
2019-05-24 12:18:04.950 INFO  (searcherExecutor-30-thread-1-processing-x:test9) [   x:test9] o.a.s.c.QuerySenderListener QuerySenderListener done.
2019-05-24 12:18:04.966 INFO  (searcherExecutor-30-thread-1-processing-x:test9) [   x:test9] o.a.s.c.SolrCore [test9] Registered new searcher Searcher@193eddc3[test9] main{ExitableDirectoryReader(UninvertingDirectoryReader(Uninverting(_0(7.7.1):C1:[diagnostics={os=Windows 10, java.vendor=Oracle Corporation, java.version=1.8.0_131, java.vm.version=25.131-b11, lucene.version=7.7.1, os.arch=amd64, java.runtime.version=1.8.0_131-b11, source=flush, os.version=10.0, timestamp=1558700284804}]:[attributes={Lucene50StoredFieldsFormat.mode=BEST_SPEED}])))}
2019-05-24 12:18:04.966 INFO  (qtp102617125-18) [   x:test9] o.a.s.u.p.LogUpdateProcessorFactory [test9]  webapp=/solr path=/update params={waitSearcher=true&commit=true&softCommit=false&wt=javabin&version=2}{commit=} 0 175
2019-05-24 12:18:10.485 INFO  (qtp102617125-21) [   x:test9] o.a.s.c.S.Request [test9]  webapp=/solr path=/select params={q=*:*&_=1558698421367} hits=1 status=0 QTime=1
